2025-05-18 18:23:15.611  INFO 21104 --- [  restartedMain] com.cg.RecycleSystemApplication          : Starting RecycleSystemApplication using Java 17.0.9 with PID 21104 (F:\IDEA_workspasce\recycle_system\target\classes started by MIZUGI in F:\IDEA_workspasce\recycle_system)
2025-05-18 18:23:15.612  INFO 21104 --- [  restartedMain] com.cg.RecycleSystemApplication          : No active profile set, falling back to 1 default profile: "default"
2025-05-18 18:23:15.651  INFO 21104 --- [  restartedMain] .e.DevToolsPropertyDefaultsPostProcessor : Devtools property defaults active! Set 'spring.devtools.add-properties' to 'false' to disable
2025-05-18 18:23:15.651  INFO 21104 --- [  restartedMain] .e.DevToolsPropertyDefaultsPostProcessor : For additional web related logging consider setting the 'logging.level.web' property to 'DEBUG'
2025-05-18 18:23:16.197  INFO 21104 --- [  restartedMain] .s.d.r.c.RepositoryConfigurationDelegate : Multiple Spring Data modules found, entering strict repository configuration mode
2025-05-18 18:23:16.198  INFO 21104 --- [  restartedMain] .s.d.r.c.RepositoryConfigurationDelegate : Bootstrapping Spring Data Redis repositories in DEFAULT mode.
2025-05-18 18:23:16.224  INFO 21104 --- [  restartedMain] .s.d.r.c.RepositoryConfigurationDelegate : Finished Spring Data repository scanning in 16 ms. Found 0 Redis repository interfaces.
2025-05-18 18:23:16.906  INFO 21104 --- [  restartedMain] io.undertow.servlet                      : Initializing Spring embedded WebApplicationContext
2025-05-18 18:23:16.907  INFO 21104 --- [  restartedMain] w.s.c.ServletWebServerApplicationContext : Root WebApplicationContext: initialization completed in 1256 ms
2025-05-18 18:23:17.640  INFO 21104 --- [  restartedMain] com.cg.config.SshTunnelConfig            : SSH-Mysql隧道已建立，本地端口: 3307
2025-05-18 18:23:17.640  INFO 21104 --- [  restartedMain] com.cg.config.SshTunnelConfig            : [7001, 7002, 7003, 7004, 7005, 7006]=====[7001, 7002, 7003, 7004, 7005, 7006]
2025-05-18 18:23:17.640  INFO 21104 --- [  restartedMain] com.cg.config.SshTunnelConfig            : 7001===============7001
2025-05-18 18:23:17.640  INFO 21104 --- [  restartedMain] com.cg.config.SshTunnelConfig            : SSH-Redis隧道已建立，本地端口: 7001
2025-05-18 18:23:17.640  INFO 21104 --- [  restartedMain] com.cg.config.SshTunnelConfig            : 7002===============7002
2025-05-18 18:23:17.640  INFO 21104 --- [  restartedMain] com.cg.config.SshTunnelConfig            : SSH-Redis隧道已建立，本地端口: 7002
2025-05-18 18:23:17.640  INFO 21104 --- [  restartedMain] com.cg.config.SshTunnelConfig            : 7003===============7003
2025-05-18 18:23:17.640  INFO 21104 --- [  restartedMain] com.cg.config.SshTunnelConfig            : SSH-Redis隧道已建立，本地端口: 7003
2025-05-18 18:23:17.640  INFO 21104 --- [  restartedMain] com.cg.config.SshTunnelConfig            : 7004===============7004
2025-05-18 18:23:17.640  INFO 21104 --- [  restartedMain] com.cg.config.SshTunnelConfig            : SSH-Redis隧道已建立，本地端口: 7004
2025-05-18 18:23:17.640  INFO 21104 --- [  restartedMain] com.cg.config.SshTunnelConfig            : 7005===============7005
2025-05-18 18:23:17.641  INFO 21104 --- [  restartedMain] com.cg.config.SshTunnelConfig            : SSH-Redis隧道已建立，本地端口: 7005
2025-05-18 18:23:17.641  INFO 21104 --- [  restartedMain] com.cg.config.SshTunnelConfig            : 7006===============7006
2025-05-18 18:23:17.641  INFO 21104 --- [  restartedMain] com.cg.config.SshTunnelConfig            : SSH-Redis隧道已建立，本地端口: 7006
2025-05-18 18:23:20.076  INFO 21104 --- [  restartedMain] c.a.c.sentinel.SentinelWebMvcConfigurer  : [Sentinel Starter] register SentinelWebInterceptor with urlPatterns: [/**].
2025-05-18 18:23:20.737  INFO 21104 --- [  restartedMain] o.s.b.d.a.OptionalLiveReloadServer       : LiveReload server is running on port 35729
2025-05-18 18:23:21.553  INFO 21104 --- [  restartedMain] io.undertow.websockets.jsr               : UT026003: Adding annotated server endpoint class com.cg.config.WebSocketServer for path /imserver/{username}
2025-05-18 18:23:21.576  INFO 21104 --- [  restartedMain] io.undertow                              : starting server: Undertow - 2.3.17.Final
2025-05-18 18:23:21.581  INFO 21104 --- [  restartedMain] org.xnio                                 : XNIO version 3.8.16.Final
2025-05-18 18:23:21.587  INFO 21104 --- [  restartedMain] org.xnio.nio                             : XNIO NIO Implementation Version 3.8.16.Final
2025-05-18 18:23:21.620  INFO 21104 --- [  restartedMain] org.jboss.threads                        : JBoss Threads version 3.5.0.Final
2025-05-18 18:23:21.665  INFO 21104 --- [  restartedMain] o.s.b.w.e.undertow.UndertowWebServer     : Undertow started on port 8080 (http) with context path '/'
2025-05-18 18:23:22.430  INFO 21104 --- [  restartedMain] com.cg.RecycleSystemApplication          : Started RecycleSystemApplication in 8.178 seconds (process running for 8.746)
2025-05-18 18:23:22.434  INFO 21104 --- [  restartedMain] com.cg.RecycleSystemApplication          : 文件 [sysBanner.txt] 的内容如下：
                                                                       ⡏⠉⠉⠉⠉⠉⠉⠋⠉⠉⠉⠉⠉⠉⠋⠉⠉⠉⠉⠉⠉⠉⠉⠉⠉⠙⠉⠉⠉⠹
                                                                       ⡇⢸⣿⡟⠛⢿⣷⠀⢸⣿⡟⠛⢿⣷⡄⢸⣿⡇⠀⢸⣿⡇⢸⣿⡇⠀⢸⣿⡇⠀
                                                                       ⡇⢸⣿⣧⣤⣾⠿⠀⢸⣿⣇⣀⣸⡿⠃⢸⣿⡇⠀⢸⣿⡇⢸⣿⣇⣀⣸⣿⡇⠀
                                                                       ⡇⢸⣿⡏⠉⢹⣿⡆⢸⣿⡟⠛⢻⣷⡄⢸⣿⡇⠀⢸⣿⡇⢸⣿⡏⠉⢹⣿⡇⠀⠄⠄⠄⠄⠄⠄⠄⠄⠄⠄⠄⠄⠄⣀⣠⣤⣶⣶⣶⣤⣄⣀⣀⠄⠄⠄⠄⠄
                                                                       ⡇⢸⣿⣧⣤⣼⡿⠃⢸⣿⡇⠀⢸⣿⡇⠸⣿⣧⣤⣼⡿⠁⢸⣿⡇⠀⢸⣿⡇⠀⠄⠄⠄⠄⠄⠄⠄⠄⣀⣤⣤⣶⣿⣿⣿⣿⣿⣿⣿⣟⢿⣿⣿⣿⣶⣤⡀⠄
⠄⠄⠄⣰⣿⠄⠄⠄⠄⠄⢠⠄⠄⢀⠄⠄⠄⠄⠄⠄⠄⠄⠄⠄⠄⠄⠄⠄⠄⠄                                  ⣇⣀⣀⣀⣀⣀⣀⣄⣀⣀⣀⣀⣀⣀⣀⣠⣀⡈⠉⣁⣀⣄⣀⣀⣀⣠⣀⣀⣀⣰⠄⠄⠄⠄⠄⠄⢀⣼⣿⣿⣿⣿⣿⣿⣿⣿⣿⣿⣿⣿⣷⣜⠿⠿⣿⣿⣧⢓⠄⣾⣿⡇⢸⣿⣿⣿⠄⠈⣿⣿⣿⣿⠈⣿⡇⢹⣿⣿⣿⡇⡇⢸⣿⣿⡇⣿⣿⣿
⠄⠄⢰⣿⠿⠄⡀⠄⠄⠄⠘⣷⡀⠄⠢⣄⠄⠄⠄⠄⠄⠄⠄⣠⠖⠁⠄⠄⠄⠄⣿⠟⣽⣿⣿⣿⣿⣿⢣⠟⠋⡜⠄⢸⣿⣿⡟⣬⢁⠠⠁⣤⠄⢰⠄⠇⢻⢸⣇⣿⠘⣿⣿⣿⡿⡿⣟⣟⢟⢟⢝⠵⡝⣿⡿⢂⣼⣿⣷⣌⠩⡫⡻⣝⠹⢿⣿⣷⠄⠄⠄⠄⠄⡠⢛⣿⣿⣿⡟⣿⣿⣽⣋⠻⢻⣿⣿⣿⣿⡻⣧⡠⣭⣭⣿⡧⢠⣿⣿⡇⢸⣿⣿⣿⡇⠄⢹⣿⣿⣿⡀⣿⣧⢸⣿⣿⣿⠁⡇⢸⣿⣿⠁⣿⣿⣿
⠄⣤⢸⣿⣿⣆⠣⠄⠄⠄⠄⠸⣿⣦⡀⠙⢶⣦⣄⡀⠄⡠⠞⠁⢀⡴⠄⠄⠄⠄⢏⣾⣿⣿⣿⠿⣟⢁⡴⡀⡜⣠⣶⢸⣿⣿⢃⡇⠂⢁⣶⣦⣅⠈⠇⠄⢸⢸⡆⣿⣆⠱⣝⡵⣝⢅⠙⣿⢕⢕⢕⢕⢝⣥⢒⠅⣿⣿⣿⡿⣳⣌⠪⡪⣡⢑⢝⣇⠄⠄⠄⠄⠄⢠⣿⡟⣿⢻⠃⣻⣨⣻⠿⡀⣝⡿⣿⣿⣷⣜⣜⢿⣝⡿⡻⢔⢸⣿⣿⡇⠸⣿⣿⣿⣿⡄⠈⢿⣿⣿⡇⢸⣿⡀⣿⣿⡿⠸⡇⣸⣿⣿⠄⣿⣿⣿
⢰⣿⣎⣿⣿⣿⣦⣀⠄⠄⠄⠄⠹⣿⣿⣦⢄⡙⠻⠿⠷⠶⠤⢐⣋⣀⠄⠄⠄⠄⣹⣿⣿⣿⡗⣾⡟⡜⣵⠃⣴⣿⣿⢸⣿⣿⢸⠘⢰⣿⣿⣿⣿⡀⢱⠄⠨⢸⡆⣿⣿⣦⠹⣳⣳⣕⢅⠈⢗⢕⢕⢕⢕⢕⢈⢆⠟⠋⠉⠁⠉⠉⠁⠈⠼⢐⢕⢽⠄⠄⠄⠄⠄⢸⡟⣷⢿⢈⣚⣓⡡⣻⣿⣶⣬⣛⣓⣉⡻⢿⣎⠢⠻⣴⡾⠫⢸⣿⡿⠷⠄⠿⠿⠿⠟⠓⠰⠘⠿⣿⣿⡈⣿⡇⢹⡟⠰⠦⠁⠈⠉⠋⠄⠻⢿⣿
⢸⣿⠛⠛⠻⠿⢿⣿⣧⢤⣤⣄⣠⡘⣿⣿⣿⡟⠿⠛⠂⠈⠉⠛⢿⣿⠄⠄⠄⠄⣿⣿⣿⣿⡇⣿⢁⣾⣿⣾⣿⣿⣿⣿⣸⣿⡎⠐⠒⠚⠛⠛⠿⢧⠄⠄⢠⣼⡗⢰⣶⣶⣦⣝⢝⢕⢕⠅⡆⢕⢕⢕⢕⢕⣴⠏⣠⡶⠛⡉⡉⡛⢶⣦⡀⠐⣕⢕⠄⠄⠄⠄⠄⢸⠃⢹⡼⢸⣿⣿⣿⣦⣹⣿⣿⣿⠿⠿⠿⠷⣎⡼⠆⣿⠵⣫⢨⡑⠶⡏⠛⠐⠋⠓⠲⠶⣭⣤⣴⣦⣭⣥⣮⣾⣬⣴⡮⠝⠒⠂⠂⠘⠉⠿⠖⣬
⠄⡇⢰⣿⣇⡀⠄⠄⣝⣿⣿⣿⣿⣿⣿⣿⣿⣶⣿⡄⠄⠈⠄⣷⢠⡆⠄⠄⠄⠄⣿⣿⣿⣿⠃⠿⢸⡿⠭⠭⢽⣿⣿⣿⢂⣿⠃⣤⠄⠄⠄⠄⠄⠄⠄⠄⣿⡾⡝⡄⢻⢟⣿⣿⣷⣕⣕⣅⣿⣔⣕⣵⣵⣿⣿⢠⣿⢠⣮⡈⣌⠨⠅⠹⣷⡀⢱⢕⠄⠄⠄⠄⠄⠈⠄⠸⡟⡜⣩⡄⠄⣿⣿⣿⣿⣶⢀⢀⣿⣷⣿⣿⡐⡇⡄⣿⠈⠉⠄⡀⠄⣀⣀⣀⣀⠈⢛⣿⣿⣿⣿⣿⣿⣿⣿⣟⠁⣀⣤⣤⣠⡀⠄⡀⠈⠁
⢹⣿⣼⣿⣯⢁⣤⣄⣿⣿⣿⣿⣿⣿⣿⣿⣿⣿⣿⡄⣴⠶⣲⣵⠟⠄⠄⠄⠄⠸⣼⠏⣿⡏⠄⠄⢠⣤⣶⣶⣾⣿⣿⣟⣾⣾⣼⣿⠒⠄⠄⠄⡠⣴⡄⢠⣿⣵⡝⡵⠟⠈⢀⣀⣀⡀⠉⢿⣿⣿⣿⣿⣿⣿⣿⣼⣿⢈⡋⠴⢿⡟⣡⡇⣿⡇⡀⢕⠄⠄⠄⠄⠄⠄⠄⠄⠁⢶⢻⣧⣖⣿⣿⣿⣿⣿⣿⣿⣿⡏⣿⣇⡟⣇⣷⣿⠄⠠⣾⡀⣾⣿⣧⣼⣿⡿⢠⣿⣿⣿⣿⣿⣿⣿⣿⣧⣼⣿⣧⣼⣿⣿⢀⣿⡇⠄
⠄⢿⣿⣿⣿⣷⣮⣾⣿⣿⣿⣿⣿⣿⣿⣿⣿⣿⣿⣿⣶⣾⣟⣡⡴⠄⠄⠄⠄⠁⣳⠄⣿⠄⠄⢣⠸⣹⣿⡟⣻⣿⣿⣿⣿⣿⣿⡿⡻⡖⠦⢤⣔⣯⡅⣼⡿⣹⡝⠁⣠⣾⠟⡉⡉⡉⠻⣦⣻⣿⣿⣿⣿⣿⣿⣿⣿⣧⠸⣿⣦⣥⣿⡇⡿⣰⢗⢄⠄⠄⠄⠄⠄⠄⠄⠄⠄⢸⣆⣤⣽⣿⡿⠿⠿⣿⣿⣦⣴⡇⣿⢨⣾⣿⢹⢸⡀⠄⠻⣷⡘⢿⣿⣿⡿⢣⣾⣿⣿⣿⣿⣿⣿⣿⣿⣿⣜⢿⣿⣿⡿⢃⣾⠟⢁⠈
⠄⠰⣭⣿⣿⣿⣿⣿⣿⣿⣿⣿⣿⣿⣿⣿⣿⣿⣿⣿⣿⣿⣿⡿⠁⡀⠄⠄⠄⠄⡿⣼⢸⠄⠄⣷⣷⣿⣿⣿⣿⣿⣿⣿⣿⣿⣿⣿⣕⡜⡌⡝⡸⠙⣼⠟⢱⠏⠁⢰⣿⡏⣴⣌⠈⣌⠡⠈⢻⣿⣿⣿⣿⣿⣿⣿⣿⣿⣿⣬⣉⣉⣁⣄⢖⢕⢕⢕⠄⠄⠄⠄⠄⠄⠄⠄⠄⢸⣿⠊⡛⢿⣿⣿⣿⣿⡿⣫⢱⢺⡇⡏⣿⣿⣸⡼⢃⢻⣶⣬⣿⣶⣬⣥⣶⣿⣿⣿⣿⣿⣿⢿⣿⣿⣿⣿⣿⣷⣶⣶⣾⣿⣷⣾⣾⢣
⠄⠄⠻⣿⣿⣿⣿⣿⣿⣿⣿⣿⣿⣿⣿⣿⣿⣿⣿⣿⣿⣿⣭⣶⡞⠄⠄⠄⠄⠄⡇⣿⣧⡰⡄⣿⣿⣿⣿⡿⠿⠿⠿⣿⣿⣿⣿⣿⣿⣿⣿⣷⣋⣪⣥⢠⠏⠄⡀⢻⣿⡇⢙⠁⠴⢿⡟⣡⡆⣿⣿⣿⣿⣿⣿⣿⣿⣿⣿⣿⣿⣿⣿⣿⣷⣵⣵⣿⠄⠄⠄⠄⠄⠄⠄⠄⠄⢸⡿⠄⣿⣷⣾⡍⣭⣶⣿⣿⡌⣼⣹⢱⠹⣿⣇⣧⡄⠈⢿⣿⣿⣿⣿⣿⣿⣿⣿⣿⣿⣿⣷⣼⣿⣿⣿⣿⣿⣿⣿⣿⣿⣿⣿⣿⡏⠘
⠄⠄⠐⣾⣿⣿⣿⣿⣿⣿⣿⣿⣿⣿⣿⣿⣿⣿⣿⣿⣿⣿⣿⡟⠄⠄⠄⠄⠄⠄⣧⢻⣿⣷⣧⢻⣿⣿⣿⡇⠄⢀⣀⣀⡙⣿⣿⣿⣿⣿⣿⣿⣿⣿⡇⠂⠄⠄⡻⣄⣻⣿⣌⠘⢿⣷⣥⣿⠇⣿⣿⣿⣿⣿⣿⠛⠻⣿⣿⣿⣿⣿⣿⣿⣿⣿⣿⣿⠄⠄⠄⠄⠄⠄⠄⠄⠄⣼⠁⣤⣭⣭⡌⢁⣼⣿⣿⣿⢹⡇⣭⣤⣶⣤⡝⡼⣿⡐⠘⣿⣿⣿⣿⣿⣿⣿⣿⣿⣿⣿⣿⣿⣿⣿⣿⣿⣿⣿⣿⣿⣿⣿⣿⠟⢠⢃
⠄⠄⠄⠈⠻⣿⣿⣿⣿⣿⣿⣯⣿⣯⣿⣾⣿⣿⣿⣿⣿⡿⠋⠄⠄⠄⠄⠄⠄⠄⢹⣼⣿⣿⣿⣧⡻⣿⣿⣇⣴⣿⣿⣿⣷⢸⣿⣿⣿⣿⣿⣿⣿⣿⣰⠄⠄⠄⣷⢄⠻⣿⣟⠿⠦⠍⠉⣡⣾⣿⣿⣿⣿⣿⣿⢸⣿⣦⠙⣿⣿⣿⣿⣿⣿⣿⣿⠟⠄⣀⠤⡀⠄⠄⠄⠄⠄⡏⣈⡻⡿⠃⢀⣾⣿⣿⣿⡿⡼⠁⣿⣿⣿⡿⢷⢸⣿⣷⡀⠈⠻⣿⣿⣿⣿⣿⣿⣿⣿⠿⠿⠿⠿⢿⣿⣿⣿⣿⣿⣿⣿⡿⠋⢀⠆⣼
⠄⠄⠄⠄⠄⠄⠙⠻⣿⣿⣿⣿⣿⣿⣿⣿⣿⣿⣿⣿⣵⠄⠄⠄⠄⠄⠄⠄⠄⠄⣼⡟⡟⣿⢸⣿⣿⣝⢿⣿⣾⣿⣿⣿⢟⣾⣿⣿⣿⣿⣿⣿⣿⣿⠟⠄⡀⡀⡕⡑⣑⣈⣻⢗⢟⢞⢝⣻⣿⣿⣿⣿⣿⣿⣿⠸⣿⠿⠃⣿⣿⣿⣿⣿⣿⡿⠁⣠⢰⣷⡧⡢⠄⠄⠄⠄⠠⢠⡛⠿⠄⠠⠬⠿⣿⠭⠭⢱⣇⣀⣭⡅⠶⣾⣷⣶⣿⣿⣷⡀⠄⠈⠛⢿⣿⣿⣿⣿⣷⣶⣶⣶⣶⣶⣿⣿⣿⣿⣿⠿⠋⠠⠂⢀⣾⣿
⠄⠄⠄⠄⠄⠄⠄⢀⣿⣯⣟⣿⣿⣿⡿⣟⣯⣷⣿⣿⡏⣤⠄⠄⠄⠄⠄⠄⠄⠄⣿⢰⣿⢹⢸⣿⣿⣿⣷⣝⢿⣿⣿⣿⣿⣿⣿⣿⣿⡿⠿⠛⠉⠄⠄⣸⢰⡇⡝⡵⡈⢟⢕⢕⢕⢕⣵⣿⣿⣿⣿⣿⣿⣿⣿⣿⣶⣶⣿⣿⣿⣿⣿⠿⠋⣀⣈⠙⠈⢿⣿⣧⠄⠄⠄⠄⢀⡛⠿⠄⠄⠄⠄⢠⠃⠄⠄⡜⠄⠄⣤⢀⣶⣮⡍⣴⣿⣿⣿⣧⠄⠄⢵⢠⣈⠛⠿⣿⣿⣿⣿⣿⣿⣿⣿⣿⠟⢋⡁⢰⠏⠄⠄⣼⣿⣿
⠄⠄⠄⠄⠄⠄⠄⣞⢸⣿⣿⣿⣾⣷⣿⣿⣿⣿⣿⣿⣇⣿⡆⠄⠄⠄⠄⠄⠄⠄⣿⣾⣹⣏⢸⣿⣿⣿⣿⣿⣷⣍⡻⣛⣛⣛⡉⠁⠄⠄⠄⠄⠄⠄⢀⢇⡏⠄⡝⡵⡕⡀⠑⠳⠿⣿⣿⣿⣿⣿⣿⣿⣿⣿⣿⣿⣿⣿⣿⠿⠛⢉⡠⡲⡫⡪⡪⡣⠄⠈⣿⣿⡀⠄⠄⠄⢩⣝⠃⠄⠄⢀⡄⡎⠄⠄⠄⠇⠄⠄⠅⣴⣶⣶⠄⣶⢻⣿⣿⣿⡄⢢⠨⠄⣯⠄⠄⣌⣉⠛⠻⠟⠛⢋⣉⣤⠄⢸⡇⣨⣤⠄⢸⣿⣿⣿
2025-05-18 18:23:24.024  INFO 21104 --- [   scheduling-1] com.zaxxer.hikari.HikariDataSource       : HikariPool-1 - Starting...
2025-05-18 18:23:24.887  INFO 21104 --- [   scheduling-1] com.zaxxer.hikari.pool.HikariPool        : HikariPool-1 - Added connection com.mysql.cj.jdbc.ConnectionImpl@6be22e1
2025-05-18 18:23:24.888  INFO 21104 --- [   scheduling-1] com.zaxxer.hikari.HikariDataSource       : HikariPool-1 - Start completed.
2025-05-18 18:27:58.768  INFO 21104 --- [SpringApplicationShutdownHook] io.undertow                              : stopping server: Undertow - 2.3.17.Final
2025-05-18 18:27:58.788  INFO 21104 --- [SpringApplicationShutdownHook] com.zaxxer.hikari.HikariDataSource       : HikariPool-1 - Shutdown initiated...
2025-05-18 18:27:58.795  INFO 21104 --- [SpringApplicationShutdownHook] com.zaxxer.hikari.HikariDataSource       : HikariPool-1 - Shutdown completed.
2025-05-18 18:28:01.726  INFO 14612 --- [  restartedMain] com.cg.RecycleSystemApplication          : Starting RecycleSystemApplication using Java 17.0.9 with PID 14612 (F:\IDEA_workspasce\recycle_system\target\classes started by MIZUGI in F:\IDEA_workspasce\recycle_system)
2025-05-18 18:28:01.727  INFO 14612 --- [  restartedMain] com.cg.RecycleSystemApplication          : No active profile set, falling back to 1 default profile: "default"
2025-05-18 18:28:01.768  INFO 14612 --- [  restartedMain] .e.DevToolsPropertyDefaultsPostProcessor : Devtools property defaults active! Set 'spring.devtools.add-properties' to 'false' to disable
2025-05-18 18:28:01.768  INFO 14612 --- [  restartedMain] .e.DevToolsPropertyDefaultsPostProcessor : For additional web related logging consider setting the 'logging.level.web' property to 'DEBUG'
2025-05-18 18:28:02.293  INFO 14612 --- [  restartedMain] .s.d.r.c.RepositoryConfigurationDelegate : Multiple Spring Data modules found, entering strict repository configuration mode
2025-05-18 18:28:02.295  INFO 14612 --- [  restartedMain] .s.d.r.c.RepositoryConfigurationDelegate : Bootstrapping Spring Data Redis repositories in DEFAULT mode.
2025-05-18 18:28:02.320  INFO 14612 --- [  restartedMain] .s.d.r.c.RepositoryConfigurationDelegate : Finished Spring Data repository scanning in 15 ms. Found 0 Redis repository interfaces.
2025-05-18 18:28:02.987  INFO 14612 --- [  restartedMain] io.undertow.servlet                      : Initializing Spring embedded WebApplicationContext
2025-05-18 18:28:02.988  INFO 14612 --- [  restartedMain] w.s.c.ServletWebServerApplicationContext : Root WebApplicationContext: initialization completed in 1219 ms
2025-05-18 18:28:08.647  INFO 14612 --- [  restartedMain] com.cg.config.SshTunnelConfig            : SSH-Mysql隧道已建立，本地端口: 3307
2025-05-18 18:28:08.647  INFO 14612 --- [  restartedMain] com.cg.config.SshTunnelConfig            : [7001, 7002, 7003, 7004, 7005, 7006]=====[7001, 7002, 7003, 7004, 7005, 7006]
2025-05-18 18:28:08.648  INFO 14612 --- [  restartedMain] com.cg.config.SshTunnelConfig            : 7001===============7001
2025-05-18 18:28:08.648  INFO 14612 --- [  restartedMain] com.cg.config.SshTunnelConfig            : SSH-Redis隧道已建立，本地端口: 7001
2025-05-18 18:28:08.648  INFO 14612 --- [  restartedMain] com.cg.config.SshTunnelConfig            : 7002===============7002
2025-05-18 18:28:08.648  INFO 14612 --- [  restartedMain] com.cg.config.SshTunnelConfig            : SSH-Redis隧道已建立，本地端口: 7002
2025-05-18 18:28:08.648  INFO 14612 --- [  restartedMain] com.cg.config.SshTunnelConfig            : 7003===============7003
2025-05-18 18:28:08.649  INFO 14612 --- [  restartedMain] com.cg.config.SshTunnelConfig            : SSH-Redis隧道已建立，本地端口: 7003
2025-05-18 18:28:08.649  INFO 14612 --- [  restartedMain] com.cg.config.SshTunnelConfig            : 7004===============7004
2025-05-18 18:28:08.650  INFO 14612 --- [  restartedMain] com.cg.config.SshTunnelConfig            : SSH-Redis隧道已建立，本地端口: 7004
2025-05-18 18:28:08.650  INFO 14612 --- [  restartedMain] com.cg.config.SshTunnelConfig            : 7005===============7005
2025-05-18 18:28:08.650  INFO 14612 --- [  restartedMain] com.cg.config.SshTunnelConfig            : SSH-Redis隧道已建立，本地端口: 7005
2025-05-18 18:28:08.650  INFO 14612 --- [  restartedMain] com.cg.config.SshTunnelConfig            : 7006===============7006
2025-05-18 18:28:08.650  INFO 14612 --- [  restartedMain] com.cg.config.SshTunnelConfig            : SSH-Redis隧道已建立，本地端口: 7006
2025-05-18 18:28:11.054  INFO 14612 --- [  restartedMain] c.a.c.sentinel.SentinelWebMvcConfigurer  : [Sentinel Starter] register SentinelWebInterceptor with urlPatterns: [/**].
2025-05-18 18:28:11.719  INFO 14612 --- [  restartedMain] o.s.b.d.a.OptionalLiveReloadServer       : LiveReload server is running on port 35729
2025-05-18 18:28:12.652  INFO 14612 --- [  restartedMain] io.undertow.websockets.jsr               : UT026003: Adding annotated server endpoint class com.cg.config.WebSocketServer for path /imserver/{username}
2025-05-18 18:28:12.675  INFO 14612 --- [  restartedMain] io.undertow                              : starting server: Undertow - 2.3.17.Final
2025-05-18 18:28:12.680  INFO 14612 --- [  restartedMain] org.xnio                                 : XNIO version 3.8.16.Final
2025-05-18 18:28:12.686  INFO 14612 --- [  restartedMain] org.xnio.nio                             : XNIO NIO Implementation Version 3.8.16.Final
2025-05-18 18:28:12.716  INFO 14612 --- [  restartedMain] org.jboss.threads                        : JBoss Threads version 3.5.0.Final
2025-05-18 18:28:12.762  INFO 14612 --- [  restartedMain] o.s.b.w.e.undertow.UndertowWebServer     : Undertow started on port 8080 (http) with context path '/'
2025-05-18 18:28:13.563  INFO 14612 --- [  restartedMain] com.cg.RecycleSystemApplication          : Started RecycleSystemApplication in 13.18 seconds (process running for 13.849)
2025-05-18 18:28:13.567  INFO 14612 --- [  restartedMain] com.cg.RecycleSystemApplication          : 文件 [sysBanner.txt] 的内容如下：
                                                                       ⡏⠉⠉⠉⠉⠉⠉⠋⠉⠉⠉⠉⠉⠉⠋⠉⠉⠉⠉⠉⠉⠉⠉⠉⠉⠙⠉⠉⠉⠹
                                                                       ⡇⢸⣿⡟⠛⢿⣷⠀⢸⣿⡟⠛⢿⣷⡄⢸⣿⡇⠀⢸⣿⡇⢸⣿⡇⠀⢸⣿⡇⠀
                                                                       ⡇⢸⣿⣧⣤⣾⠿⠀⢸⣿⣇⣀⣸⡿⠃⢸⣿⡇⠀⢸⣿⡇⢸⣿⣇⣀⣸⣿⡇⠀
                                                                       ⡇⢸⣿⡏⠉⢹⣿⡆⢸⣿⡟⠛⢻⣷⡄⢸⣿⡇⠀⢸⣿⡇⢸⣿⡏⠉⢹⣿⡇⠀⠄⠄⠄⠄⠄⠄⠄⠄⠄⠄⠄⠄⠄⣀⣠⣤⣶⣶⣶⣤⣄⣀⣀⠄⠄⠄⠄⠄
                                                                       ⡇⢸⣿⣧⣤⣼⡿⠃⢸⣿⡇⠀⢸⣿⡇⠸⣿⣧⣤⣼⡿⠁⢸⣿⡇⠀⢸⣿⡇⠀⠄⠄⠄⠄⠄⠄⠄⠄⣀⣤⣤⣶⣿⣿⣿⣿⣿⣿⣿⣟⢿⣿⣿⣿⣶⣤⡀⠄
⠄⠄⠄⣰⣿⠄⠄⠄⠄⠄⢠⠄⠄⢀⠄⠄⠄⠄⠄⠄⠄⠄⠄⠄⠄⠄⠄⠄⠄⠄                                  ⣇⣀⣀⣀⣀⣀⣀⣄⣀⣀⣀⣀⣀⣀⣀⣠⣀⡈⠉⣁⣀⣄⣀⣀⣀⣠⣀⣀⣀⣰⠄⠄⠄⠄⠄⠄⢀⣼⣿⣿⣿⣿⣿⣿⣿⣿⣿⣿⣿⣿⣷⣜⠿⠿⣿⣿⣧⢓⠄⣾⣿⡇⢸⣿⣿⣿⠄⠈⣿⣿⣿⣿⠈⣿⡇⢹⣿⣿⣿⡇⡇⢸⣿⣿⡇⣿⣿⣿
⠄⠄⢰⣿⠿⠄⡀⠄⠄⠄⠘⣷⡀⠄⠢⣄⠄⠄⠄⠄⠄⠄⠄⣠⠖⠁⠄⠄⠄⠄⣿⠟⣽⣿⣿⣿⣿⣿⢣⠟⠋⡜⠄⢸⣿⣿⡟⣬⢁⠠⠁⣤⠄⢰⠄⠇⢻⢸⣇⣿⠘⣿⣿⣿⡿⡿⣟⣟⢟⢟⢝⠵⡝⣿⡿⢂⣼⣿⣷⣌⠩⡫⡻⣝⠹⢿⣿⣷⠄⠄⠄⠄⠄⡠⢛⣿⣿⣿⡟⣿⣿⣽⣋⠻⢻⣿⣿⣿⣿⡻⣧⡠⣭⣭⣿⡧⢠⣿⣿⡇⢸⣿⣿⣿⡇⠄⢹⣿⣿⣿⡀⣿⣧⢸⣿⣿⣿⠁⡇⢸⣿⣿⠁⣿⣿⣿
⠄⣤⢸⣿⣿⣆⠣⠄⠄⠄⠄⠸⣿⣦⡀⠙⢶⣦⣄⡀⠄⡠⠞⠁⢀⡴⠄⠄⠄⠄⢏⣾⣿⣿⣿⠿⣟⢁⡴⡀⡜⣠⣶⢸⣿⣿⢃⡇⠂⢁⣶⣦⣅⠈⠇⠄⢸⢸⡆⣿⣆⠱⣝⡵⣝⢅⠙⣿⢕⢕⢕⢕⢝⣥⢒⠅⣿⣿⣿⡿⣳⣌⠪⡪⣡⢑⢝⣇⠄⠄⠄⠄⠄⢠⣿⡟⣿⢻⠃⣻⣨⣻⠿⡀⣝⡿⣿⣿⣷⣜⣜⢿⣝⡿⡻⢔⢸⣿⣿⡇⠸⣿⣿⣿⣿⡄⠈⢿⣿⣿⡇⢸⣿⡀⣿⣿⡿⠸⡇⣸⣿⣿⠄⣿⣿⣿
⢰⣿⣎⣿⣿⣿⣦⣀⠄⠄⠄⠄⠹⣿⣿⣦⢄⡙⠻⠿⠷⠶⠤⢐⣋⣀⠄⠄⠄⠄⣹⣿⣿⣿⡗⣾⡟⡜⣵⠃⣴⣿⣿⢸⣿⣿⢸⠘⢰⣿⣿⣿⣿⡀⢱⠄⠨⢸⡆⣿⣿⣦⠹⣳⣳⣕⢅⠈⢗⢕⢕⢕⢕⢕⢈⢆⠟⠋⠉⠁⠉⠉⠁⠈⠼⢐⢕⢽⠄⠄⠄⠄⠄⢸⡟⣷⢿⢈⣚⣓⡡⣻⣿⣶⣬⣛⣓⣉⡻⢿⣎⠢⠻⣴⡾⠫⢸⣿⡿⠷⠄⠿⠿⠿⠟⠓⠰⠘⠿⣿⣿⡈⣿⡇⢹⡟⠰⠦⠁⠈⠉⠋⠄⠻⢿⣿
⢸⣿⠛⠛⠻⠿⢿⣿⣧⢤⣤⣄⣠⡘⣿⣿⣿⡟⠿⠛⠂⠈⠉⠛⢿⣿⠄⠄⠄⠄⣿⣿⣿⣿⡇⣿⢁⣾⣿⣾⣿⣿⣿⣿⣸⣿⡎⠐⠒⠚⠛⠛⠿⢧⠄⠄⢠⣼⡗⢰⣶⣶⣦⣝⢝⢕⢕⠅⡆⢕⢕⢕⢕⢕⣴⠏⣠⡶⠛⡉⡉⡛⢶⣦⡀⠐⣕⢕⠄⠄⠄⠄⠄⢸⠃⢹⡼⢸⣿⣿⣿⣦⣹⣿⣿⣿⠿⠿⠿⠷⣎⡼⠆⣿⠵⣫⢨⡑⠶⡏⠛⠐⠋⠓⠲⠶⣭⣤⣴⣦⣭⣥⣮⣾⣬⣴⡮⠝⠒⠂⠂⠘⠉⠿⠖⣬
⠄⡇⢰⣿⣇⡀⠄⠄⣝⣿⣿⣿⣿⣿⣿⣿⣿⣶⣿⡄⠄⠈⠄⣷⢠⡆⠄⠄⠄⠄⣿⣿⣿⣿⠃⠿⢸⡿⠭⠭⢽⣿⣿⣿⢂⣿⠃⣤⠄⠄⠄⠄⠄⠄⠄⠄⣿⡾⡝⡄⢻⢟⣿⣿⣷⣕⣕⣅⣿⣔⣕⣵⣵⣿⣿⢠⣿⢠⣮⡈⣌⠨⠅⠹⣷⡀⢱⢕⠄⠄⠄⠄⠄⠈⠄⠸⡟⡜⣩⡄⠄⣿⣿⣿⣿⣶⢀⢀⣿⣷⣿⣿⡐⡇⡄⣿⠈⠉⠄⡀⠄⣀⣀⣀⣀⠈⢛⣿⣿⣿⣿⣿⣿⣿⣿⣟⠁⣀⣤⣤⣠⡀⠄⡀⠈⠁
⢹⣿⣼⣿⣯⢁⣤⣄⣿⣿⣿⣿⣿⣿⣿⣿⣿⣿⣿⡄⣴⠶⣲⣵⠟⠄⠄⠄⠄⠸⣼⠏⣿⡏⠄⠄⢠⣤⣶⣶⣾⣿⣿⣟⣾⣾⣼⣿⠒⠄⠄⠄⡠⣴⡄⢠⣿⣵⡝⡵⠟⠈⢀⣀⣀⡀⠉⢿⣿⣿⣿⣿⣿⣿⣿⣼⣿⢈⡋⠴⢿⡟⣡⡇⣿⡇⡀⢕⠄⠄⠄⠄⠄⠄⠄⠄⠁⢶⢻⣧⣖⣿⣿⣿⣿⣿⣿⣿⣿⡏⣿⣇⡟⣇⣷⣿⠄⠠⣾⡀⣾⣿⣧⣼⣿⡿⢠⣿⣿⣿⣿⣿⣿⣿⣿⣧⣼⣿⣧⣼⣿⣿⢀⣿⡇⠄
⠄⢿⣿⣿⣿⣷⣮⣾⣿⣿⣿⣿⣿⣿⣿⣿⣿⣿⣿⣿⣶⣾⣟⣡⡴⠄⠄⠄⠄⠁⣳⠄⣿⠄⠄⢣⠸⣹⣿⡟⣻⣿⣿⣿⣿⣿⣿⡿⡻⡖⠦⢤⣔⣯⡅⣼⡿⣹⡝⠁⣠⣾⠟⡉⡉⡉⠻⣦⣻⣿⣿⣿⣿⣿⣿⣿⣿⣧⠸⣿⣦⣥⣿⡇⡿⣰⢗⢄⠄⠄⠄⠄⠄⠄⠄⠄⠄⢸⣆⣤⣽⣿⡿⠿⠿⣿⣿⣦⣴⡇⣿⢨⣾⣿⢹⢸⡀⠄⠻⣷⡘⢿⣿⣿⡿⢣⣾⣿⣿⣿⣿⣿⣿⣿⣿⣿⣜⢿⣿⣿⡿⢃⣾⠟⢁⠈
⠄⠰⣭⣿⣿⣿⣿⣿⣿⣿⣿⣿⣿⣿⣿⣿⣿⣿⣿⣿⣿⣿⣿⡿⠁⡀⠄⠄⠄⠄⡿⣼⢸⠄⠄⣷⣷⣿⣿⣿⣿⣿⣿⣿⣿⣿⣿⣿⣕⡜⡌⡝⡸⠙⣼⠟⢱⠏⠁⢰⣿⡏⣴⣌⠈⣌⠡⠈⢻⣿⣿⣿⣿⣿⣿⣿⣿⣿⣿⣬⣉⣉⣁⣄⢖⢕⢕⢕⠄⠄⠄⠄⠄⠄⠄⠄⠄⢸⣿⠊⡛⢿⣿⣿⣿⣿⡿⣫⢱⢺⡇⡏⣿⣿⣸⡼⢃⢻⣶⣬⣿⣶⣬⣥⣶⣿⣿⣿⣿⣿⣿⢿⣿⣿⣿⣿⣿⣷⣶⣶⣾⣿⣷⣾⣾⢣
⠄⠄⠻⣿⣿⣿⣿⣿⣿⣿⣿⣿⣿⣿⣿⣿⣿⣿⣿⣿⣿⣿⣭⣶⡞⠄⠄⠄⠄⠄⡇⣿⣧⡰⡄⣿⣿⣿⣿⡿⠿⠿⠿⣿⣿⣿⣿⣿⣿⣿⣿⣷⣋⣪⣥⢠⠏⠄⡀⢻⣿⡇⢙⠁⠴⢿⡟⣡⡆⣿⣿⣿⣿⣿⣿⣿⣿⣿⣿⣿⣿⣿⣿⣿⣷⣵⣵⣿⠄⠄⠄⠄⠄⠄⠄⠄⠄⢸⡿⠄⣿⣷⣾⡍⣭⣶⣿⣿⡌⣼⣹⢱⠹⣿⣇⣧⡄⠈⢿⣿⣿⣿⣿⣿⣿⣿⣿⣿⣿⣿⣷⣼⣿⣿⣿⣿⣿⣿⣿⣿⣿⣿⣿⣿⡏⠘
⠄⠄⠐⣾⣿⣿⣿⣿⣿⣿⣿⣿⣿⣿⣿⣿⣿⣿⣿⣿⣿⣿⣿⡟⠄⠄⠄⠄⠄⠄⣧⢻⣿⣷⣧⢻⣿⣿⣿⡇⠄⢀⣀⣀⡙⣿⣿⣿⣿⣿⣿⣿⣿⣿⡇⠂⠄⠄⡻⣄⣻⣿⣌⠘⢿⣷⣥⣿⠇⣿⣿⣿⣿⣿⣿⠛⠻⣿⣿⣿⣿⣿⣿⣿⣿⣿⣿⣿⠄⠄⠄⠄⠄⠄⠄⠄⠄⣼⠁⣤⣭⣭⡌⢁⣼⣿⣿⣿⢹⡇⣭⣤⣶⣤⡝⡼⣿⡐⠘⣿⣿⣿⣿⣿⣿⣿⣿⣿⣿⣿⣿⣿⣿⣿⣿⣿⣿⣿⣿⣿⣿⣿⣿⠟⢠⢃
⠄⠄⠄⠈⠻⣿⣿⣿⣿⣿⣿⣯⣿⣯⣿⣾⣿⣿⣿⣿⣿⡿⠋⠄⠄⠄⠄⠄⠄⠄⢹⣼⣿⣿⣿⣧⡻⣿⣿⣇⣴⣿⣿⣿⣷⢸⣿⣿⣿⣿⣿⣿⣿⣿⣰⠄⠄⠄⣷⢄⠻⣿⣟⠿⠦⠍⠉⣡⣾⣿⣿⣿⣿⣿⣿⢸⣿⣦⠙⣿⣿⣿⣿⣿⣿⣿⣿⠟⠄⣀⠤⡀⠄⠄⠄⠄⠄⡏⣈⡻⡿⠃⢀⣾⣿⣿⣿⡿⡼⠁⣿⣿⣿⡿⢷⢸⣿⣷⡀⠈⠻⣿⣿⣿⣿⣿⣿⣿⣿⠿⠿⠿⠿⢿⣿⣿⣿⣿⣿⣿⣿⡿⠋⢀⠆⣼
⠄⠄⠄⠄⠄⠄⠙⠻⣿⣿⣿⣿⣿⣿⣿⣿⣿⣿⣿⣿⣵⠄⠄⠄⠄⠄⠄⠄⠄⠄⣼⡟⡟⣿⢸⣿⣿⣝⢿⣿⣾⣿⣿⣿⢟⣾⣿⣿⣿⣿⣿⣿⣿⣿⠟⠄⡀⡀⡕⡑⣑⣈⣻⢗⢟⢞⢝⣻⣿⣿⣿⣿⣿⣿⣿⠸⣿⠿⠃⣿⣿⣿⣿⣿⣿⡿⠁⣠⢰⣷⡧⡢⠄⠄⠄⠄⠠⢠⡛⠿⠄⠠⠬⠿⣿⠭⠭⢱⣇⣀⣭⡅⠶⣾⣷⣶⣿⣿⣷⡀⠄⠈⠛⢿⣿⣿⣿⣿⣷⣶⣶⣶⣶⣶⣿⣿⣿⣿⣿⠿⠋⠠⠂⢀⣾⣿
⠄⠄⠄⠄⠄⠄⠄⢀⣿⣯⣟⣿⣿⣿⡿⣟⣯⣷⣿⣿⡏⣤⠄⠄⠄⠄⠄⠄⠄⠄⣿⢰⣿⢹⢸⣿⣿⣿⣷⣝⢿⣿⣿⣿⣿⣿⣿⣿⣿⡿⠿⠛⠉⠄⠄⣸⢰⡇⡝⡵⡈⢟⢕⢕⢕⢕⣵⣿⣿⣿⣿⣿⣿⣿⣿⣿⣶⣶⣿⣿⣿⣿⣿⠿⠋⣀⣈⠙⠈⢿⣿⣧⠄⠄⠄⠄⢀⡛⠿⠄⠄⠄⠄⢠⠃⠄⠄⡜⠄⠄⣤⢀⣶⣮⡍⣴⣿⣿⣿⣧⠄⠄⢵⢠⣈⠛⠿⣿⣿⣿⣿⣿⣿⣿⣿⣿⠟⢋⡁⢰⠏⠄⠄⣼⣿⣿
⠄⠄⠄⠄⠄⠄⠄⣞⢸⣿⣿⣿⣾⣷⣿⣿⣿⣿⣿⣿⣇⣿⡆⠄⠄⠄⠄⠄⠄⠄⣿⣾⣹⣏⢸⣿⣿⣿⣿⣿⣷⣍⡻⣛⣛⣛⡉⠁⠄⠄⠄⠄⠄⠄⢀⢇⡏⠄⡝⡵⡕⡀⠑⠳⠿⣿⣿⣿⣿⣿⣿⣿⣿⣿⣿⣿⣿⣿⣿⠿⠛⢉⡠⡲⡫⡪⡪⡣⠄⠈⣿⣿⡀⠄⠄⠄⢩⣝⠃⠄⠄⢀⡄⡎⠄⠄⠄⠇⠄⠄⠅⣴⣶⣶⠄⣶⢻⣿⣿⣿⡄⢢⠨⠄⣯⠄⠄⣌⣉⠛⠻⠟⠛⢋⣉⣤⠄⢸⡇⣨⣤⠄⢸⣿⣿⣿
2025-05-18 18:28:15.027  INFO 14612 --- [   scheduling-1] com.zaxxer.hikari.HikariDataSource       : HikariPool-1 - Starting...
2025-05-18 18:28:15.711  INFO 14612 --- [   scheduling-1] com.zaxxer.hikari.pool.HikariPool        : HikariPool-1 - Added connection com.mysql.cj.jdbc.ConnectionImpl@4bd1c00b
2025-05-18 18:28:15.713  INFO 14612 --- [   scheduling-1] com.zaxxer.hikari.HikariDataSource       : HikariPool-1 - Start completed.
2025-05-18 18:34:25.192  INFO 14612 --- [SpringApplicationShutdownHook] io.undertow                              : stopping server: Undertow - 2.3.17.Final
2025-05-18 18:34:25.212  INFO 14612 --- [SpringApplicationShutdownHook] com.zaxxer.hikari.HikariDataSource       : HikariPool-1 - Shutdown initiated...
2025-05-18 18:34:25.219  INFO 14612 --- [SpringApplicationShutdownHook] com.zaxxer.hikari.HikariDataSource       : HikariPool-1 - Shutdown completed.
