2025-05-21 15:48:43.899  INFO 1476 --- [  restartedMain] com.cg.RecycleSystemApplication          : Starting RecycleSystemApplication using Java 17.0.9 with PID 1476 (F:\IDEA_workspasce\recycle_system\target\classes started by MIZUGI in F:\IDEA_workspasce\recycle_system)
2025-05-21 15:48:43.903  INFO 1476 --- [  restartedMain] com.cg.RecycleSystemApplication          : No active profile set, falling back to 1 default profile: "default"
2025-05-21 15:48:43.947  INFO 1476 --- [  restartedMain] .e.DevToolsPropertyDefaultsPostProcessor : Devtools property defaults active! Set 'spring.devtools.add-properties' to 'false' to disable
2025-05-21 15:48:43.947  INFO 1476 --- [  restartedMain] .e.DevToolsPropertyDefaultsPostProcessor : For additional web related logging consider setting the 'logging.level.web' property to 'DEBUG'
2025-05-21 15:48:44.607  INFO 1476 --- [  restartedMain] .s.d.r.c.RepositoryConfigurationDelegate : Multiple Spring Data modules found, entering strict repository configuration mode
2025-05-21 15:48:44.610  INFO 1476 --- [  restartedMain] .s.d.r.c.RepositoryConfigurationDelegate : Bootstrapping Spring Data Redis repositories in DEFAULT mode.
2025-05-21 15:48:44.639  INFO 1476 --- [  restartedMain] .s.d.r.c.RepositoryConfigurationDelegate : Finished Spring Data repository scanning in 17 ms. Found 0 Redis repository interfaces.
2025-05-21 15:48:45.441  INFO 1476 --- [  restartedMain] io.undertow.servlet                      : Initializing Spring embedded WebApplicationContext
2025-05-21 15:48:45.442  INFO 1476 --- [  restartedMain] w.s.c.ServletWebServerApplicationContext : Root WebApplicationContext: initialization completed in 1495 ms
2025-05-21 15:48:46.222  INFO 1476 --- [  restartedMain] com.cg.config.SshTunnelConfig            : SSH-Mysql隧道已建立，本地端口: 3307
2025-05-21 15:48:46.222  INFO 1476 --- [  restartedMain] com.cg.config.SshTunnelConfig            : [7001, 7002, 7003, 7004, 7005, 7006]=====[7001, 7002, 7003, 7004, 7005, 7006]
2025-05-21 15:48:46.223  INFO 1476 --- [  restartedMain] com.cg.config.SshTunnelConfig            : 7001===============7001
2025-05-21 15:48:46.223  INFO 1476 --- [  restartedMain] com.cg.config.SshTunnelConfig            : SSH-Redis隧道已建立，本地端口: 7001
2025-05-21 15:48:46.223  INFO 1476 --- [  restartedMain] com.cg.config.SshTunnelConfig            : 7002===============7002
2025-05-21 15:48:46.224  INFO 1476 --- [  restartedMain] com.cg.config.SshTunnelConfig            : SSH-Redis隧道已建立，本地端口: 7002
2025-05-21 15:48:46.224  INFO 1476 --- [  restartedMain] com.cg.config.SshTunnelConfig            : 7003===============7003
2025-05-21 15:48:46.224  INFO 1476 --- [  restartedMain] com.cg.config.SshTunnelConfig            : SSH-Redis隧道已建立，本地端口: 7003
2025-05-21 15:48:46.224  INFO 1476 --- [  restartedMain] com.cg.config.SshTunnelConfig            : 7004===============7004
2025-05-21 15:48:46.225  INFO 1476 --- [  restartedMain] com.cg.config.SshTunnelConfig            : SSH-Redis隧道已建立，本地端口: 7004
2025-05-21 15:48:46.225  INFO 1476 --- [  restartedMain] com.cg.config.SshTunnelConfig            : 7005===============7005
2025-05-21 15:48:46.225  INFO 1476 --- [  restartedMain] com.cg.config.SshTunnelConfig            : SSH-Redis隧道已建立，本地端口: 7005
2025-05-21 15:48:46.225  INFO 1476 --- [  restartedMain] com.cg.config.SshTunnelConfig            : 7006===============7006
2025-05-21 15:48:46.226  INFO 1476 --- [  restartedMain] com.cg.config.SshTunnelConfig            : SSH-Redis隧道已建立，本地端口: 7006
2025-05-21 15:48:49.028  INFO 1476 --- [  restartedMain] c.a.c.sentinel.SentinelWebMvcConfigurer  : [Sentinel Starter] register SentinelWebInterceptor with urlPatterns: [/**].
2025-05-21 15:48:49.718  INFO 1476 --- [  restartedMain] o.s.b.d.a.OptionalLiveReloadServer       : LiveReload server is running on port 35729
2025-05-21 15:48:50.785  INFO 1476 --- [  restartedMain] io.undertow.websockets.jsr               : UT026003: Adding annotated server endpoint class com.cg.config.WebSocketServer for path /imserver/{username}
2025-05-21 15:48:50.810  INFO 1476 --- [  restartedMain] io.undertow                              : starting server: Undertow - 2.3.17.Final
2025-05-21 15:48:50.817  INFO 1476 --- [  restartedMain] org.xnio                                 : XNIO version 3.8.16.Final
2025-05-21 15:48:50.824  INFO 1476 --- [  restartedMain] org.xnio.nio                             : XNIO NIO Implementation Version 3.8.16.Final
2025-05-21 15:48:50.859  INFO 1476 --- [  restartedMain] org.jboss.threads                        : JBoss Threads version 3.5.0.Final
2025-05-21 15:48:50.907  INFO 1476 --- [  restartedMain] o.s.b.w.e.undertow.UndertowWebServer     : Undertow started on port 8080 (http) with context path '/'
2025-05-21 15:48:51.937  INFO 1476 --- [  restartedMain] com.cg.RecycleSystemApplication          : Started RecycleSystemApplication in 9.572 seconds (process running for 10.204)
2025-05-21 15:48:51.940  INFO 1476 --- [  restartedMain] com.cg.RecycleSystemApplication          : 文件 [sysBanner.txt] 的内容如下：
                                                                       ⡏⠉⠉⠉⠉⠉⠉⠋⠉⠉⠉⠉⠉⠉⠋⠉⠉⠉⠉⠉⠉⠉⠉⠉⠉⠙⠉⠉⠉⠹
                                                                       ⡇⢸⣿⡟⠛⢿⣷⠀⢸⣿⡟⠛⢿⣷⡄⢸⣿⡇⠀⢸⣿⡇⢸⣿⡇⠀⢸⣿⡇⠀
                                                                       ⡇⢸⣿⣧⣤⣾⠿⠀⢸⣿⣇⣀⣸⡿⠃⢸⣿⡇⠀⢸⣿⡇⢸⣿⣇⣀⣸⣿⡇⠀
                                                                       ⡇⢸⣿⡏⠉⢹⣿⡆⢸⣿⡟⠛⢻⣷⡄⢸⣿⡇⠀⢸⣿⡇⢸⣿⡏⠉⢹⣿⡇⠀⠄⠄⠄⠄⠄⠄⠄⠄⠄⠄⠄⠄⠄⣀⣠⣤⣶⣶⣶⣤⣄⣀⣀⠄⠄⠄⠄⠄
                                                                       ⡇⢸⣿⣧⣤⣼⡿⠃⢸⣿⡇⠀⢸⣿⡇⠸⣿⣧⣤⣼⡿⠁⢸⣿⡇⠀⢸⣿⡇⠀⠄⠄⠄⠄⠄⠄⠄⠄⣀⣤⣤⣶⣿⣿⣿⣿⣿⣿⣿⣟⢿⣿⣿⣿⣶⣤⡀⠄
⠄⠄⠄⣰⣿⠄⠄⠄⠄⠄⢠⠄⠄⢀⠄⠄⠄⠄⠄⠄⠄⠄⠄⠄⠄⠄⠄⠄⠄⠄                                  ⣇⣀⣀⣀⣀⣀⣀⣄⣀⣀⣀⣀⣀⣀⣀⣠⣀⡈⠉⣁⣀⣄⣀⣀⣀⣠⣀⣀⣀⣰⠄⠄⠄⠄⠄⠄⢀⣼⣿⣿⣿⣿⣿⣿⣿⣿⣿⣿⣿⣿⣷⣜⠿⠿⣿⣿⣧⢓⠄⣾⣿⡇⢸⣿⣿⣿⠄⠈⣿⣿⣿⣿⠈⣿⡇⢹⣿⣿⣿⡇⡇⢸⣿⣿⡇⣿⣿⣿
⠄⠄⢰⣿⠿⠄⡀⠄⠄⠄⠘⣷⡀⠄⠢⣄⠄⠄⠄⠄⠄⠄⠄⣠⠖⠁⠄⠄⠄⠄⣿⠟⣽⣿⣿⣿⣿⣿⢣⠟⠋⡜⠄⢸⣿⣿⡟⣬⢁⠠⠁⣤⠄⢰⠄⠇⢻⢸⣇⣿⠘⣿⣿⣿⡿⡿⣟⣟⢟⢟⢝⠵⡝⣿⡿⢂⣼⣿⣷⣌⠩⡫⡻⣝⠹⢿⣿⣷⠄⠄⠄⠄⠄⡠⢛⣿⣿⣿⡟⣿⣿⣽⣋⠻⢻⣿⣿⣿⣿⡻⣧⡠⣭⣭⣿⡧⢠⣿⣿⡇⢸⣿⣿⣿⡇⠄⢹⣿⣿⣿⡀⣿⣧⢸⣿⣿⣿⠁⡇⢸⣿⣿⠁⣿⣿⣿
⠄⣤⢸⣿⣿⣆⠣⠄⠄⠄⠄⠸⣿⣦⡀⠙⢶⣦⣄⡀⠄⡠⠞⠁⢀⡴⠄⠄⠄⠄⢏⣾⣿⣿⣿⠿⣟⢁⡴⡀⡜⣠⣶⢸⣿⣿⢃⡇⠂⢁⣶⣦⣅⠈⠇⠄⢸⢸⡆⣿⣆⠱⣝⡵⣝⢅⠙⣿⢕⢕⢕⢕⢝⣥⢒⠅⣿⣿⣿⡿⣳⣌⠪⡪⣡⢑⢝⣇⠄⠄⠄⠄⠄⢠⣿⡟⣿⢻⠃⣻⣨⣻⠿⡀⣝⡿⣿⣿⣷⣜⣜⢿⣝⡿⡻⢔⢸⣿⣿⡇⠸⣿⣿⣿⣿⡄⠈⢿⣿⣿⡇⢸⣿⡀⣿⣿⡿⠸⡇⣸⣿⣿⠄⣿⣿⣿
⢰⣿⣎⣿⣿⣿⣦⣀⠄⠄⠄⠄⠹⣿⣿⣦⢄⡙⠻⠿⠷⠶⠤⢐⣋⣀⠄⠄⠄⠄⣹⣿⣿⣿⡗⣾⡟⡜⣵⠃⣴⣿⣿⢸⣿⣿⢸⠘⢰⣿⣿⣿⣿⡀⢱⠄⠨⢸⡆⣿⣿⣦⠹⣳⣳⣕⢅⠈⢗⢕⢕⢕⢕⢕⢈⢆⠟⠋⠉⠁⠉⠉⠁⠈⠼⢐⢕⢽⠄⠄⠄⠄⠄⢸⡟⣷⢿⢈⣚⣓⡡⣻⣿⣶⣬⣛⣓⣉⡻⢿⣎⠢⠻⣴⡾⠫⢸⣿⡿⠷⠄⠿⠿⠿⠟⠓⠰⠘⠿⣿⣿⡈⣿⡇⢹⡟⠰⠦⠁⠈⠉⠋⠄⠻⢿⣿
⢸⣿⠛⠛⠻⠿⢿⣿⣧⢤⣤⣄⣠⡘⣿⣿⣿⡟⠿⠛⠂⠈⠉⠛⢿⣿⠄⠄⠄⠄⣿⣿⣿⣿⡇⣿⢁⣾⣿⣾⣿⣿⣿⣿⣸⣿⡎⠐⠒⠚⠛⠛⠿⢧⠄⠄⢠⣼⡗⢰⣶⣶⣦⣝⢝⢕⢕⠅⡆⢕⢕⢕⢕⢕⣴⠏⣠⡶⠛⡉⡉⡛⢶⣦⡀⠐⣕⢕⠄⠄⠄⠄⠄⢸⠃⢹⡼⢸⣿⣿⣿⣦⣹⣿⣿⣿⠿⠿⠿⠷⣎⡼⠆⣿⠵⣫⢨⡑⠶⡏⠛⠐⠋⠓⠲⠶⣭⣤⣴⣦⣭⣥⣮⣾⣬⣴⡮⠝⠒⠂⠂⠘⠉⠿⠖⣬
⠄⡇⢰⣿⣇⡀⠄⠄⣝⣿⣿⣿⣿⣿⣿⣿⣿⣶⣿⡄⠄⠈⠄⣷⢠⡆⠄⠄⠄⠄⣿⣿⣿⣿⠃⠿⢸⡿⠭⠭⢽⣿⣿⣿⢂⣿⠃⣤⠄⠄⠄⠄⠄⠄⠄⠄⣿⡾⡝⡄⢻⢟⣿⣿⣷⣕⣕⣅⣿⣔⣕⣵⣵⣿⣿⢠⣿⢠⣮⡈⣌⠨⠅⠹⣷⡀⢱⢕⠄⠄⠄⠄⠄⠈⠄⠸⡟⡜⣩⡄⠄⣿⣿⣿⣿⣶⢀⢀⣿⣷⣿⣿⡐⡇⡄⣿⠈⠉⠄⡀⠄⣀⣀⣀⣀⠈⢛⣿⣿⣿⣿⣿⣿⣿⣿⣟⠁⣀⣤⣤⣠⡀⠄⡀⠈⠁
⢹⣿⣼⣿⣯⢁⣤⣄⣿⣿⣿⣿⣿⣿⣿⣿⣿⣿⣿⡄⣴⠶⣲⣵⠟⠄⠄⠄⠄⠸⣼⠏⣿⡏⠄⠄⢠⣤⣶⣶⣾⣿⣿⣟⣾⣾⣼⣿⠒⠄⠄⠄⡠⣴⡄⢠⣿⣵⡝⡵⠟⠈⢀⣀⣀⡀⠉⢿⣿⣿⣿⣿⣿⣿⣿⣼⣿⢈⡋⠴⢿⡟⣡⡇⣿⡇⡀⢕⠄⠄⠄⠄⠄⠄⠄⠄⠁⢶⢻⣧⣖⣿⣿⣿⣿⣿⣿⣿⣿⡏⣿⣇⡟⣇⣷⣿⠄⠠⣾⡀⣾⣿⣧⣼⣿⡿⢠⣿⣿⣿⣿⣿⣿⣿⣿⣧⣼⣿⣧⣼⣿⣿⢀⣿⡇⠄
⠄⢿⣿⣿⣿⣷⣮⣾⣿⣿⣿⣿⣿⣿⣿⣿⣿⣿⣿⣿⣶⣾⣟⣡⡴⠄⠄⠄⠄⠁⣳⠄⣿⠄⠄⢣⠸⣹⣿⡟⣻⣿⣿⣿⣿⣿⣿⡿⡻⡖⠦⢤⣔⣯⡅⣼⡿⣹⡝⠁⣠⣾⠟⡉⡉⡉⠻⣦⣻⣿⣿⣿⣿⣿⣿⣿⣿⣧⠸⣿⣦⣥⣿⡇⡿⣰⢗⢄⠄⠄⠄⠄⠄⠄⠄⠄⠄⢸⣆⣤⣽⣿⡿⠿⠿⣿⣿⣦⣴⡇⣿⢨⣾⣿⢹⢸⡀⠄⠻⣷⡘⢿⣿⣿⡿⢣⣾⣿⣿⣿⣿⣿⣿⣿⣿⣿⣜⢿⣿⣿⡿⢃⣾⠟⢁⠈
⠄⠰⣭⣿⣿⣿⣿⣿⣿⣿⣿⣿⣿⣿⣿⣿⣿⣿⣿⣿⣿⣿⣿⡿⠁⡀⠄⠄⠄⠄⡿⣼⢸⠄⠄⣷⣷⣿⣿⣿⣿⣿⣿⣿⣿⣿⣿⣿⣕⡜⡌⡝⡸⠙⣼⠟⢱⠏⠁⢰⣿⡏⣴⣌⠈⣌⠡⠈⢻⣿⣿⣿⣿⣿⣿⣿⣿⣿⣿⣬⣉⣉⣁⣄⢖⢕⢕⢕⠄⠄⠄⠄⠄⠄⠄⠄⠄⢸⣿⠊⡛⢿⣿⣿⣿⣿⡿⣫⢱⢺⡇⡏⣿⣿⣸⡼⢃⢻⣶⣬⣿⣶⣬⣥⣶⣿⣿⣿⣿⣿⣿⢿⣿⣿⣿⣿⣿⣷⣶⣶⣾⣿⣷⣾⣾⢣
⠄⠄⠻⣿⣿⣿⣿⣿⣿⣿⣿⣿⣿⣿⣿⣿⣿⣿⣿⣿⣿⣿⣭⣶⡞⠄⠄⠄⠄⠄⡇⣿⣧⡰⡄⣿⣿⣿⣿⡿⠿⠿⠿⣿⣿⣿⣿⣿⣿⣿⣿⣷⣋⣪⣥⢠⠏⠄⡀⢻⣿⡇⢙⠁⠴⢿⡟⣡⡆⣿⣿⣿⣿⣿⣿⣿⣿⣿⣿⣿⣿⣿⣿⣿⣷⣵⣵⣿⠄⠄⠄⠄⠄⠄⠄⠄⠄⢸⡿⠄⣿⣷⣾⡍⣭⣶⣿⣿⡌⣼⣹⢱⠹⣿⣇⣧⡄⠈⢿⣿⣿⣿⣿⣿⣿⣿⣿⣿⣿⣿⣷⣼⣿⣿⣿⣿⣿⣿⣿⣿⣿⣿⣿⣿⡏⠘
⠄⠄⠐⣾⣿⣿⣿⣿⣿⣿⣿⣿⣿⣿⣿⣿⣿⣿⣿⣿⣿⣿⣿⡟⠄⠄⠄⠄⠄⠄⣧⢻⣿⣷⣧⢻⣿⣿⣿⡇⠄⢀⣀⣀⡙⣿⣿⣿⣿⣿⣿⣿⣿⣿⡇⠂⠄⠄⡻⣄⣻⣿⣌⠘⢿⣷⣥⣿⠇⣿⣿⣿⣿⣿⣿⠛⠻⣿⣿⣿⣿⣿⣿⣿⣿⣿⣿⣿⠄⠄⠄⠄⠄⠄⠄⠄⠄⣼⠁⣤⣭⣭⡌⢁⣼⣿⣿⣿⢹⡇⣭⣤⣶⣤⡝⡼⣿⡐⠘⣿⣿⣿⣿⣿⣿⣿⣿⣿⣿⣿⣿⣿⣿⣿⣿⣿⣿⣿⣿⣿⣿⣿⣿⠟⢠⢃
⠄⠄⠄⠈⠻⣿⣿⣿⣿⣿⣿⣯⣿⣯⣿⣾⣿⣿⣿⣿⣿⡿⠋⠄⠄⠄⠄⠄⠄⠄⢹⣼⣿⣿⣿⣧⡻⣿⣿⣇⣴⣿⣿⣿⣷⢸⣿⣿⣿⣿⣿⣿⣿⣿⣰⠄⠄⠄⣷⢄⠻⣿⣟⠿⠦⠍⠉⣡⣾⣿⣿⣿⣿⣿⣿⢸⣿⣦⠙⣿⣿⣿⣿⣿⣿⣿⣿⠟⠄⣀⠤⡀⠄⠄⠄⠄⠄⡏⣈⡻⡿⠃⢀⣾⣿⣿⣿⡿⡼⠁⣿⣿⣿⡿⢷⢸⣿⣷⡀⠈⠻⣿⣿⣿⣿⣿⣿⣿⣿⠿⠿⠿⠿⢿⣿⣿⣿⣿⣿⣿⣿⡿⠋⢀⠆⣼
⠄⠄⠄⠄⠄⠄⠙⠻⣿⣿⣿⣿⣿⣿⣿⣿⣿⣿⣿⣿⣵⠄⠄⠄⠄⠄⠄⠄⠄⠄⣼⡟⡟⣿⢸⣿⣿⣝⢿⣿⣾⣿⣿⣿⢟⣾⣿⣿⣿⣿⣿⣿⣿⣿⠟⠄⡀⡀⡕⡑⣑⣈⣻⢗⢟⢞⢝⣻⣿⣿⣿⣿⣿⣿⣿⠸⣿⠿⠃⣿⣿⣿⣿⣿⣿⡿⠁⣠⢰⣷⡧⡢⠄⠄⠄⠄⠠⢠⡛⠿⠄⠠⠬⠿⣿⠭⠭⢱⣇⣀⣭⡅⠶⣾⣷⣶⣿⣿⣷⡀⠄⠈⠛⢿⣿⣿⣿⣿⣷⣶⣶⣶⣶⣶⣿⣿⣿⣿⣿⠿⠋⠠⠂⢀⣾⣿
⠄⠄⠄⠄⠄⠄⠄⢀⣿⣯⣟⣿⣿⣿⡿⣟⣯⣷⣿⣿⡏⣤⠄⠄⠄⠄⠄⠄⠄⠄⣿⢰⣿⢹⢸⣿⣿⣿⣷⣝⢿⣿⣿⣿⣿⣿⣿⣿⣿⡿⠿⠛⠉⠄⠄⣸⢰⡇⡝⡵⡈⢟⢕⢕⢕⢕⣵⣿⣿⣿⣿⣿⣿⣿⣿⣿⣶⣶⣿⣿⣿⣿⣿⠿⠋⣀⣈⠙⠈⢿⣿⣧⠄⠄⠄⠄⢀⡛⠿⠄⠄⠄⠄⢠⠃⠄⠄⡜⠄⠄⣤⢀⣶⣮⡍⣴⣿⣿⣿⣧⠄⠄⢵⢠⣈⠛⠿⣿⣿⣿⣿⣿⣿⣿⣿⣿⠟⢋⡁⢰⠏⠄⠄⣼⣿⣿
⠄⠄⠄⠄⠄⠄⠄⣞⢸⣿⣿⣿⣾⣷⣿⣿⣿⣿⣿⣿⣇⣿⡆⠄⠄⠄⠄⠄⠄⠄⣿⣾⣹⣏⢸⣿⣿⣿⣿⣿⣷⣍⡻⣛⣛⣛⡉⠁⠄⠄⠄⠄⠄⠄⢀⢇⡏⠄⡝⡵⡕⡀⠑⠳⠿⣿⣿⣿⣿⣿⣿⣿⣿⣿⣿⣿⣿⣿⣿⠿⠛⢉⡠⡲⡫⡪⡪⡣⠄⠈⣿⣿⡀⠄⠄⠄⢩⣝⠃⠄⠄⢀⡄⡎⠄⠄⠄⠇⠄⠄⠅⣴⣶⣶⠄⣶⢻⣿⣿⣿⡄⢢⠨⠄⣯⠄⠄⣌⣉⠛⠻⠟⠛⢋⣉⣤⠄⢸⡇⣨⣤⠄⢸⣿⣿⣿
2025-05-21 15:48:54.036  INFO 1476 --- [   scheduling-1] com.zaxxer.hikari.HikariDataSource       : HikariPool-1 - Starting...
2025-05-21 15:48:54.679  INFO 1476 --- [   scheduling-1] com.zaxxer.hikari.pool.HikariPool        : HikariPool-1 - Added connection com.mysql.cj.jdbc.ConnectionImpl@32a7d7e7
2025-05-21 15:48:54.681  INFO 1476 --- [   scheduling-1] com.zaxxer.hikari.HikariDataSource       : HikariPool-1 - Start completed.
2025-05-21 15:48:56.063  INFO 1476 --- [SpringApplicationShutdownHook] io.undertow                              : stopping server: Undertow - 2.3.17.Final
2025-05-21 15:48:56.087  INFO 1476 --- [SpringApplicationShutdownHook] com.zaxxer.hikari.HikariDataSource       : HikariPool-1 - Shutdown initiated...
2025-05-21 15:48:56.152  INFO 1476 --- [SpringApplicationShutdownHook] com.zaxxer.hikari.HikariDataSource       : HikariPool-1 - Shutdown completed.
