2025-05-28 09:20:39.900  INFO 16056 --- [  restartedMain] com.cg.RecycleSystemApplication          : Starting RecycleSystemApplication using Java 17.0.9 with PID 16056 (F:\IDEA_workspasce\recycle_system\target\classes started by MIZUGI in F:\IDEA_workspasce\recycle_system)
2025-05-28 09:20:39.904  INFO 16056 --- [  restartedMain] com.cg.RecycleSystemApplication          : No active profile set, falling back to 1 default profile: "default"
2025-05-28 09:20:39.943  INFO 16056 --- [  restartedMain] .e.DevToolsPropertyDefaultsPostProcessor : Devtools property defaults active! Set 'spring.devtools.add-properties' to 'false' to disable
2025-05-28 09:20:39.943  INFO 16056 --- [  restartedMain] .e.DevToolsPropertyDefaultsPostProcessor : For additional web related logging consider setting the 'logging.level.web' property to 'DEBUG'
2025-05-28 09:20:40.523  INFO 16056 --- [  restartedMain] .s.d.r.c.RepositoryConfigurationDelegate : Multiple Spring Data modules found, entering strict repository configuration mode
2025-05-28 09:20:40.525  INFO 16056 --- [  restartedMain] .s.d.r.c.RepositoryConfigurationDelegate : Bootstrapping Spring Data Redis repositories in DEFAULT mode.
2025-05-28 09:20:40.550  INFO 16056 --- [  restartedMain] .s.d.r.c.RepositoryConfigurationDelegate : Finished Spring Data repository scanning in 16 ms. Found 0 Redis repository interfaces.
2025-05-28 09:20:41.231  INFO 16056 --- [  restartedMain] io.undertow.servlet                      : Initializing Spring embedded WebApplicationContext
2025-05-28 09:20:41.232  INFO 16056 --- [  restartedMain] w.s.c.ServletWebServerApplicationContext : Root WebApplicationContext: initialization completed in 1288 ms
2025-05-28 09:20:41.856  INFO 16056 --- [  restartedMain] com.cg.config.SshTunnelConfig            : SSH-Mysql隧道已建立，本地端口: 3307
2025-05-28 09:20:41.857  INFO 16056 --- [  restartedMain] com.cg.config.SshTunnelConfig            : [7001, 7002, 7003, 7004, 7005, 7006]=====[7001, 7002, 7003, 7004, 7005, 7006]
2025-05-28 09:20:41.857  INFO 16056 --- [  restartedMain] com.cg.config.SshTunnelConfig            : 7001===============7001
2025-05-28 09:20:41.857  INFO 16056 --- [  restartedMain] com.cg.config.SshTunnelConfig            : SSH-Redis隧道已建立，本地端口: 7001
2025-05-28 09:20:41.858  INFO 16056 --- [  restartedMain] com.cg.config.SshTunnelConfig            : 7002===============7002
2025-05-28 09:20:41.858  INFO 16056 --- [  restartedMain] com.cg.config.SshTunnelConfig            : SSH-Redis隧道已建立，本地端口: 7002
2025-05-28 09:20:41.858  INFO 16056 --- [  restartedMain] com.cg.config.SshTunnelConfig            : 7003===============7003
2025-05-28 09:20:41.858  INFO 16056 --- [  restartedMain] com.cg.config.SshTunnelConfig            : SSH-Redis隧道已建立，本地端口: 7003
2025-05-28 09:20:41.858  INFO 16056 --- [  restartedMain] com.cg.config.SshTunnelConfig            : 7004===============7004
2025-05-28 09:20:41.859  INFO 16056 --- [  restartedMain] com.cg.config.SshTunnelConfig            : SSH-Redis隧道已建立，本地端口: 7004
2025-05-28 09:20:41.859  INFO 16056 --- [  restartedMain] com.cg.config.SshTunnelConfig            : 7005===============7005
2025-05-28 09:20:41.859  INFO 16056 --- [  restartedMain] com.cg.config.SshTunnelConfig            : SSH-Redis隧道已建立，本地端口: 7005
2025-05-28 09:20:41.859  INFO 16056 --- [  restartedMain] com.cg.config.SshTunnelConfig            : 7006===============7006
2025-05-28 09:20:41.859  INFO 16056 --- [  restartedMain] com.cg.config.SshTunnelConfig            : SSH-Redis隧道已建立，本地端口: 7006
2025-05-28 09:20:43.817  INFO 16056 --- [  restartedMain] c.a.c.sentinel.SentinelWebMvcConfigurer  : [Sentinel Starter] register SentinelWebInterceptor with urlPatterns: [/**].
2025-05-28 09:20:44.470  INFO 16056 --- [  restartedMain] o.s.b.d.a.OptionalLiveReloadServer       : LiveReload server is running on port 35729
2025-05-28 09:20:44.860  INFO 16056 --- [  restartedMain] io.undertow.websockets.jsr               : UT026003: Adding annotated server endpoint class com.cg.config.WebSocketServer for path /imserver/{username}
2025-05-28 09:20:44.884  INFO 16056 --- [  restartedMain] io.undertow                              : starting server: Undertow - 2.3.17.Final
2025-05-28 09:20:44.889  INFO 16056 --- [  restartedMain] org.xnio                                 : XNIO version 3.8.16.Final
2025-05-28 09:20:44.895  INFO 16056 --- [  restartedMain] org.xnio.nio                             : XNIO NIO Implementation Version 3.8.16.Final
2025-05-28 09:20:44.925  INFO 16056 --- [  restartedMain] org.jboss.threads                        : JBoss Threads version 3.5.0.Final
2025-05-28 09:20:44.969  INFO 16056 --- [  restartedMain] o.s.b.w.e.undertow.UndertowWebServer     : Undertow started on port 8080 (http) with context path '/'
2025-05-28 09:20:45.335  INFO 16056 --- [  restartedMain] com.cg.RecycleSystemApplication          : Started RecycleSystemApplication in 6.257 seconds (process running for 6.982)
2025-05-28 09:20:45.339  INFO 16056 --- [  restartedMain] com.cg.RecycleSystemApplication          : 文件 [sysBanner.txt] 的内容如下：
                                                                       ⡏⠉⠉⠉⠉⠉⠉⠋⠉⠉⠉⠉⠉⠉⠋⠉⠉⠉⠉⠉⠉⠉⠉⠉⠉⠙⠉⠉⠉⠹
                                                                       ⡇⢸⣿⡟⠛⢿⣷⠀⢸⣿⡟⠛⢿⣷⡄⢸⣿⡇⠀⢸⣿⡇⢸⣿⡇⠀⢸⣿⡇⠀
                                                                       ⡇⢸⣿⣧⣤⣾⠿⠀⢸⣿⣇⣀⣸⡿⠃⢸⣿⡇⠀⢸⣿⡇⢸⣿⣇⣀⣸⣿⡇⠀
                                                                       ⡇⢸⣿⡏⠉⢹⣿⡆⢸⣿⡟⠛⢻⣷⡄⢸⣿⡇⠀⢸⣿⡇⢸⣿⡏⠉⢹⣿⡇⠀⠄⠄⠄⠄⠄⠄⠄⠄⠄⠄⠄⠄⠄⣀⣠⣤⣶⣶⣶⣤⣄⣀⣀⠄⠄⠄⠄⠄
                                                                       ⡇⢸⣿⣧⣤⣼⡿⠃⢸⣿⡇⠀⢸⣿⡇⠸⣿⣧⣤⣼⡿⠁⢸⣿⡇⠀⢸⣿⡇⠀⠄⠄⠄⠄⠄⠄⠄⠄⣀⣤⣤⣶⣿⣿⣿⣿⣿⣿⣿⣟⢿⣿⣿⣿⣶⣤⡀⠄
⠄⠄⠄⣰⣿⠄⠄⠄⠄⠄⢠⠄⠄⢀⠄⠄⠄⠄⠄⠄⠄⠄⠄⠄⠄⠄⠄⠄⠄⠄                                  ⣇⣀⣀⣀⣀⣀⣀⣄⣀⣀⣀⣀⣀⣀⣀⣠⣀⡈⠉⣁⣀⣄⣀⣀⣀⣠⣀⣀⣀⣰⠄⠄⠄⠄⠄⠄⢀⣼⣿⣿⣿⣿⣿⣿⣿⣿⣿⣿⣿⣿⣷⣜⠿⠿⣿⣿⣧⢓⠄⣾⣿⡇⢸⣿⣿⣿⠄⠈⣿⣿⣿⣿⠈⣿⡇⢹⣿⣿⣿⡇⡇⢸⣿⣿⡇⣿⣿⣿
⠄⠄⢰⣿⠿⠄⡀⠄⠄⠄⠘⣷⡀⠄⠢⣄⠄⠄⠄⠄⠄⠄⠄⣠⠖⠁⠄⠄⠄⠄⣿⠟⣽⣿⣿⣿⣿⣿⢣⠟⠋⡜⠄⢸⣿⣿⡟⣬⢁⠠⠁⣤⠄⢰⠄⠇⢻⢸⣇⣿⠘⣿⣿⣿⡿⡿⣟⣟⢟⢟⢝⠵⡝⣿⡿⢂⣼⣿⣷⣌⠩⡫⡻⣝⠹⢿⣿⣷⠄⠄⠄⠄⠄⡠⢛⣿⣿⣿⡟⣿⣿⣽⣋⠻⢻⣿⣿⣿⣿⡻⣧⡠⣭⣭⣿⡧⢠⣿⣿⡇⢸⣿⣿⣿⡇⠄⢹⣿⣿⣿⡀⣿⣧⢸⣿⣿⣿⠁⡇⢸⣿⣿⠁⣿⣿⣿
⠄⣤⢸⣿⣿⣆⠣⠄⠄⠄⠄⠸⣿⣦⡀⠙⢶⣦⣄⡀⠄⡠⠞⠁⢀⡴⠄⠄⠄⠄⢏⣾⣿⣿⣿⠿⣟⢁⡴⡀⡜⣠⣶⢸⣿⣿⢃⡇⠂⢁⣶⣦⣅⠈⠇⠄⢸⢸⡆⣿⣆⠱⣝⡵⣝⢅⠙⣿⢕⢕⢕⢕⢝⣥⢒⠅⣿⣿⣿⡿⣳⣌⠪⡪⣡⢑⢝⣇⠄⠄⠄⠄⠄⢠⣿⡟⣿⢻⠃⣻⣨⣻⠿⡀⣝⡿⣿⣿⣷⣜⣜⢿⣝⡿⡻⢔⢸⣿⣿⡇⠸⣿⣿⣿⣿⡄⠈⢿⣿⣿⡇⢸⣿⡀⣿⣿⡿⠸⡇⣸⣿⣿⠄⣿⣿⣿
⢰⣿⣎⣿⣿⣿⣦⣀⠄⠄⠄⠄⠹⣿⣿⣦⢄⡙⠻⠿⠷⠶⠤⢐⣋⣀⠄⠄⠄⠄⣹⣿⣿⣿⡗⣾⡟⡜⣵⠃⣴⣿⣿⢸⣿⣿⢸⠘⢰⣿⣿⣿⣿⡀⢱⠄⠨⢸⡆⣿⣿⣦⠹⣳⣳⣕⢅⠈⢗⢕⢕⢕⢕⢕⢈⢆⠟⠋⠉⠁⠉⠉⠁⠈⠼⢐⢕⢽⠄⠄⠄⠄⠄⢸⡟⣷⢿⢈⣚⣓⡡⣻⣿⣶⣬⣛⣓⣉⡻⢿⣎⠢⠻⣴⡾⠫⢸⣿⡿⠷⠄⠿⠿⠿⠟⠓⠰⠘⠿⣿⣿⡈⣿⡇⢹⡟⠰⠦⠁⠈⠉⠋⠄⠻⢿⣿
⢸⣿⠛⠛⠻⠿⢿⣿⣧⢤⣤⣄⣠⡘⣿⣿⣿⡟⠿⠛⠂⠈⠉⠛⢿⣿⠄⠄⠄⠄⣿⣿⣿⣿⡇⣿⢁⣾⣿⣾⣿⣿⣿⣿⣸⣿⡎⠐⠒⠚⠛⠛⠿⢧⠄⠄⢠⣼⡗⢰⣶⣶⣦⣝⢝⢕⢕⠅⡆⢕⢕⢕⢕⢕⣴⠏⣠⡶⠛⡉⡉⡛⢶⣦⡀⠐⣕⢕⠄⠄⠄⠄⠄⢸⠃⢹⡼⢸⣿⣿⣿⣦⣹⣿⣿⣿⠿⠿⠿⠷⣎⡼⠆⣿⠵⣫⢨⡑⠶⡏⠛⠐⠋⠓⠲⠶⣭⣤⣴⣦⣭⣥⣮⣾⣬⣴⡮⠝⠒⠂⠂⠘⠉⠿⠖⣬
⠄⡇⢰⣿⣇⡀⠄⠄⣝⣿⣿⣿⣿⣿⣿⣿⣿⣶⣿⡄⠄⠈⠄⣷⢠⡆⠄⠄⠄⠄⣿⣿⣿⣿⠃⠿⢸⡿⠭⠭⢽⣿⣿⣿⢂⣿⠃⣤⠄⠄⠄⠄⠄⠄⠄⠄⣿⡾⡝⡄⢻⢟⣿⣿⣷⣕⣕⣅⣿⣔⣕⣵⣵⣿⣿⢠⣿⢠⣮⡈⣌⠨⠅⠹⣷⡀⢱⢕⠄⠄⠄⠄⠄⠈⠄⠸⡟⡜⣩⡄⠄⣿⣿⣿⣿⣶⢀⢀⣿⣷⣿⣿⡐⡇⡄⣿⠈⠉⠄⡀⠄⣀⣀⣀⣀⠈⢛⣿⣿⣿⣿⣿⣿⣿⣿⣟⠁⣀⣤⣤⣠⡀⠄⡀⠈⠁
⢹⣿⣼⣿⣯⢁⣤⣄⣿⣿⣿⣿⣿⣿⣿⣿⣿⣿⣿⡄⣴⠶⣲⣵⠟⠄⠄⠄⠄⠸⣼⠏⣿⡏⠄⠄⢠⣤⣶⣶⣾⣿⣿⣟⣾⣾⣼⣿⠒⠄⠄⠄⡠⣴⡄⢠⣿⣵⡝⡵⠟⠈⢀⣀⣀⡀⠉⢿⣿⣿⣿⣿⣿⣿⣿⣼⣿⢈⡋⠴⢿⡟⣡⡇⣿⡇⡀⢕⠄⠄⠄⠄⠄⠄⠄⠄⠁⢶⢻⣧⣖⣿⣿⣿⣿⣿⣿⣿⣿⡏⣿⣇⡟⣇⣷⣿⠄⠠⣾⡀⣾⣿⣧⣼⣿⡿⢠⣿⣿⣿⣿⣿⣿⣿⣿⣧⣼⣿⣧⣼⣿⣿⢀⣿⡇⠄
⠄⢿⣿⣿⣿⣷⣮⣾⣿⣿⣿⣿⣿⣿⣿⣿⣿⣿⣿⣿⣶⣾⣟⣡⡴⠄⠄⠄⠄⠁⣳⠄⣿⠄⠄⢣⠸⣹⣿⡟⣻⣿⣿⣿⣿⣿⣿⡿⡻⡖⠦⢤⣔⣯⡅⣼⡿⣹⡝⠁⣠⣾⠟⡉⡉⡉⠻⣦⣻⣿⣿⣿⣿⣿⣿⣿⣿⣧⠸⣿⣦⣥⣿⡇⡿⣰⢗⢄⠄⠄⠄⠄⠄⠄⠄⠄⠄⢸⣆⣤⣽⣿⡿⠿⠿⣿⣿⣦⣴⡇⣿⢨⣾⣿⢹⢸⡀⠄⠻⣷⡘⢿⣿⣿⡿⢣⣾⣿⣿⣿⣿⣿⣿⣿⣿⣿⣜⢿⣿⣿⡿⢃⣾⠟⢁⠈
⠄⠰⣭⣿⣿⣿⣿⣿⣿⣿⣿⣿⣿⣿⣿⣿⣿⣿⣿⣿⣿⣿⣿⡿⠁⡀⠄⠄⠄⠄⡿⣼⢸⠄⠄⣷⣷⣿⣿⣿⣿⣿⣿⣿⣿⣿⣿⣿⣕⡜⡌⡝⡸⠙⣼⠟⢱⠏⠁⢰⣿⡏⣴⣌⠈⣌⠡⠈⢻⣿⣿⣿⣿⣿⣿⣿⣿⣿⣿⣬⣉⣉⣁⣄⢖⢕⢕⢕⠄⠄⠄⠄⠄⠄⠄⠄⠄⢸⣿⠊⡛⢿⣿⣿⣿⣿⡿⣫⢱⢺⡇⡏⣿⣿⣸⡼⢃⢻⣶⣬⣿⣶⣬⣥⣶⣿⣿⣿⣿⣿⣿⢿⣿⣿⣿⣿⣿⣷⣶⣶⣾⣿⣷⣾⣾⢣
⠄⠄⠻⣿⣿⣿⣿⣿⣿⣿⣿⣿⣿⣿⣿⣿⣿⣿⣿⣿⣿⣿⣭⣶⡞⠄⠄⠄⠄⠄⡇⣿⣧⡰⡄⣿⣿⣿⣿⡿⠿⠿⠿⣿⣿⣿⣿⣿⣿⣿⣿⣷⣋⣪⣥⢠⠏⠄⡀⢻⣿⡇⢙⠁⠴⢿⡟⣡⡆⣿⣿⣿⣿⣿⣿⣿⣿⣿⣿⣿⣿⣿⣿⣿⣷⣵⣵⣿⠄⠄⠄⠄⠄⠄⠄⠄⠄⢸⡿⠄⣿⣷⣾⡍⣭⣶⣿⣿⡌⣼⣹⢱⠹⣿⣇⣧⡄⠈⢿⣿⣿⣿⣿⣿⣿⣿⣿⣿⣿⣿⣷⣼⣿⣿⣿⣿⣿⣿⣿⣿⣿⣿⣿⣿⡏⠘
⠄⠄⠐⣾⣿⣿⣿⣿⣿⣿⣿⣿⣿⣿⣿⣿⣿⣿⣿⣿⣿⣿⣿⡟⠄⠄⠄⠄⠄⠄⣧⢻⣿⣷⣧⢻⣿⣿⣿⡇⠄⢀⣀⣀⡙⣿⣿⣿⣿⣿⣿⣿⣿⣿⡇⠂⠄⠄⡻⣄⣻⣿⣌⠘⢿⣷⣥⣿⠇⣿⣿⣿⣿⣿⣿⠛⠻⣿⣿⣿⣿⣿⣿⣿⣿⣿⣿⣿⠄⠄⠄⠄⠄⠄⠄⠄⠄⣼⠁⣤⣭⣭⡌⢁⣼⣿⣿⣿⢹⡇⣭⣤⣶⣤⡝⡼⣿⡐⠘⣿⣿⣿⣿⣿⣿⣿⣿⣿⣿⣿⣿⣿⣿⣿⣿⣿⣿⣿⣿⣿⣿⣿⣿⠟⢠⢃
⠄⠄⠄⠈⠻⣿⣿⣿⣿⣿⣿⣯⣿⣯⣿⣾⣿⣿⣿⣿⣿⡿⠋⠄⠄⠄⠄⠄⠄⠄⢹⣼⣿⣿⣿⣧⡻⣿⣿⣇⣴⣿⣿⣿⣷⢸⣿⣿⣿⣿⣿⣿⣿⣿⣰⠄⠄⠄⣷⢄⠻⣿⣟⠿⠦⠍⠉⣡⣾⣿⣿⣿⣿⣿⣿⢸⣿⣦⠙⣿⣿⣿⣿⣿⣿⣿⣿⠟⠄⣀⠤⡀⠄⠄⠄⠄⠄⡏⣈⡻⡿⠃⢀⣾⣿⣿⣿⡿⡼⠁⣿⣿⣿⡿⢷⢸⣿⣷⡀⠈⠻⣿⣿⣿⣿⣿⣿⣿⣿⠿⠿⠿⠿⢿⣿⣿⣿⣿⣿⣿⣿⡿⠋⢀⠆⣼
⠄⠄⠄⠄⠄⠄⠙⠻⣿⣿⣿⣿⣿⣿⣿⣿⣿⣿⣿⣿⣵⠄⠄⠄⠄⠄⠄⠄⠄⠄⣼⡟⡟⣿⢸⣿⣿⣝⢿⣿⣾⣿⣿⣿⢟⣾⣿⣿⣿⣿⣿⣿⣿⣿⠟⠄⡀⡀⡕⡑⣑⣈⣻⢗⢟⢞⢝⣻⣿⣿⣿⣿⣿⣿⣿⠸⣿⠿⠃⣿⣿⣿⣿⣿⣿⡿⠁⣠⢰⣷⡧⡢⠄⠄⠄⠄⠠⢠⡛⠿⠄⠠⠬⠿⣿⠭⠭⢱⣇⣀⣭⡅⠶⣾⣷⣶⣿⣿⣷⡀⠄⠈⠛⢿⣿⣿⣿⣿⣷⣶⣶⣶⣶⣶⣿⣿⣿⣿⣿⠿⠋⠠⠂⢀⣾⣿
⠄⠄⠄⠄⠄⠄⠄⢀⣿⣯⣟⣿⣿⣿⡿⣟⣯⣷⣿⣿⡏⣤⠄⠄⠄⠄⠄⠄⠄⠄⣿⢰⣿⢹⢸⣿⣿⣿⣷⣝⢿⣿⣿⣿⣿⣿⣿⣿⣿⡿⠿⠛⠉⠄⠄⣸⢰⡇⡝⡵⡈⢟⢕⢕⢕⢕⣵⣿⣿⣿⣿⣿⣿⣿⣿⣿⣶⣶⣿⣿⣿⣿⣿⠿⠋⣀⣈⠙⠈⢿⣿⣧⠄⠄⠄⠄⢀⡛⠿⠄⠄⠄⠄⢠⠃⠄⠄⡜⠄⠄⣤⢀⣶⣮⡍⣴⣿⣿⣿⣧⠄⠄⢵⢠⣈⠛⠿⣿⣿⣿⣿⣿⣿⣿⣿⣿⠟⢋⡁⢰⠏⠄⠄⣼⣿⣿
⠄⠄⠄⠄⠄⠄⠄⣞⢸⣿⣿⣿⣾⣷⣿⣿⣿⣿⣿⣿⣇⣿⡆⠄⠄⠄⠄⠄⠄⠄⣿⣾⣹⣏⢸⣿⣿⣿⣿⣿⣷⣍⡻⣛⣛⣛⡉⠁⠄⠄⠄⠄⠄⠄⢀⢇⡏⠄⡝⡵⡕⡀⠑⠳⠿⣿⣿⣿⣿⣿⣿⣿⣿⣿⣿⣿⣿⣿⣿⠿⠛⢉⡠⡲⡫⡪⡪⡣⠄⠈⣿⣿⡀⠄⠄⠄⢩⣝⠃⠄⠄⢀⡄⡎⠄⠄⠄⠇⠄⠄⠅⣴⣶⣶⠄⣶⢻⣿⣿⣿⡄⢢⠨⠄⣯⠄⠄⣌⣉⠛⠻⠟⠛⢋⣉⣤⠄⢸⡇⣨⣤⠄⢸⣿⣿⣿
2025-05-28 09:20:48.030  INFO 16056 --- [   scheduling-1] com.zaxxer.hikari.HikariDataSource       : HikariPool-1 - Starting...
2025-05-28 09:20:48.651  INFO 16056 --- [   scheduling-1] com.zaxxer.hikari.pool.HikariPool        : HikariPool-1 - Added connection com.mysql.cj.jdbc.ConnectionImpl@5607b977
2025-05-28 09:20:48.653  INFO 16056 --- [   scheduling-1] com.zaxxer.hikari.HikariDataSource       : HikariPool-1 - Start completed.
2025-05-28 09:21:04.307  INFO 16056 --- [SpringApplicationShutdownHook] io.undertow                              : stopping server: Undertow - 2.3.17.Final
2025-05-28 09:21:04.326  INFO 16056 --- [SpringApplicationShutdownHook] com.zaxxer.hikari.HikariDataSource       : HikariPool-1 - Shutdown initiated...
2025-05-28 09:21:04.333  INFO 16056 --- [SpringApplicationShutdownHook] com.zaxxer.hikari.HikariDataSource       : HikariPool-1 - Shutdown completed.
