2025-04-27 22:02:47.691  INFO 17652 --- [  restartedMain] com.cg.RecycleSystemApplication          : Starting RecycleSystemApplication using Java 17.0.9 with PID 17652 (F:\IDEA_workspasce\recycle_system\target\classes started by MIZUGI in F:\IDEA_workspasce\recycle_system)
2025-04-27 22:02:47.695  INFO 17652 --- [  restartedMain] com.cg.RecycleSystemApplication          : No active profile set, falling back to 1 default profile: "default"
2025-04-27 22:02:47.736  INFO 17652 --- [  restartedMain] .e.DevToolsPropertyDefaultsPostProcessor : Devtools property defaults active! Set 'spring.devtools.add-properties' to 'false' to disable
2025-04-27 22:02:47.737  INFO 17652 --- [  restartedMain] .e.DevToolsPropertyDefaultsPostProcessor : For additional web related logging consider setting the 'logging.level.web' property to 'DEBUG'
2025-04-27 22:02:48.367  INFO 17652 --- [  restartedMain] .s.d.r.c.RepositoryConfigurationDelegate : Multiple Spring Data modules found, entering strict repository configuration mode
2025-04-27 22:02:48.370  INFO 17652 --- [  restartedMain] .s.d.r.c.RepositoryConfigurationDelegate : Bootstrapping Spring Data Redis repositories in DEFAULT mode.
2025-04-27 22:02:48.397  INFO 17652 --- [  restartedMain] .s.d.r.c.RepositoryConfigurationDelegate : Finished Spring Data repository scanning in 16 ms. Found 0 Redis repository interfaces.
2025-04-27 22:02:49.151  INFO 17652 --- [  restartedMain] io.undertow.servlet                      : Initializing Spring embedded WebApplicationContext
2025-04-27 22:02:49.152  INFO 17652 --- [  restartedMain] w.s.c.ServletWebServerApplicationContext : Root WebApplicationContext: initialization completed in 1415 ms
2025-04-27 22:02:54.871  INFO 17652 --- [  restartedMain] com.cg.config.SshTunnelConfig            : SSH-Mysql隧道已建立，本地端口: 3307
2025-04-27 22:02:54.871  INFO 17652 --- [  restartedMain] com.cg.config.SshTunnelConfig            : [7001, 7002, 7003, 7004, 7005, 7006]=====[7001, 7002, 7003, 7004, 7005, 7006]
2025-04-27 22:02:54.871  INFO 17652 --- [  restartedMain] com.cg.config.SshTunnelConfig            : 7001===============7001
2025-04-27 22:02:54.871  INFO 17652 --- [  restartedMain] com.cg.config.SshTunnelConfig            : SSH-Redis隧道已建立，本地端口: 7001
2025-04-27 22:02:54.872  INFO 17652 --- [  restartedMain] com.cg.config.SshTunnelConfig            : 7002===============7002
2025-04-27 22:02:54.872  INFO 17652 --- [  restartedMain] com.cg.config.SshTunnelConfig            : SSH-Redis隧道已建立，本地端口: 7002
2025-04-27 22:02:54.872  INFO 17652 --- [  restartedMain] com.cg.config.SshTunnelConfig            : 7003===============7003
2025-04-27 22:02:54.872  INFO 17652 --- [  restartedMain] com.cg.config.SshTunnelConfig            : SSH-Redis隧道已建立，本地端口: 7003
2025-04-27 22:02:54.872  INFO 17652 --- [  restartedMain] com.cg.config.SshTunnelConfig            : 7004===============7004
2025-04-27 22:02:54.873  INFO 17652 --- [  restartedMain] com.cg.config.SshTunnelConfig            : SSH-Redis隧道已建立，本地端口: 7004
2025-04-27 22:02:54.873  INFO 17652 --- [  restartedMain] com.cg.config.SshTunnelConfig            : 7005===============7005
2025-04-27 22:02:54.873  INFO 17652 --- [  restartedMain] com.cg.config.SshTunnelConfig            : SSH-Redis隧道已建立，本地端口: 7005
2025-04-27 22:02:54.873  INFO 17652 --- [  restartedMain] com.cg.config.SshTunnelConfig            : 7006===============7006
2025-04-27 22:02:54.873  INFO 17652 --- [  restartedMain] com.cg.config.SshTunnelConfig            : SSH-Redis隧道已建立，本地端口: 7006
2025-04-27 22:02:56.762  INFO 17652 --- [  restartedMain] c.a.c.sentinel.SentinelWebMvcConfigurer  : [Sentinel Starter] register SentinelWebInterceptor with urlPatterns: [/**].
2025-04-27 22:02:57.311 DEBUG 17652 --- [  restartedMain] o.s.d.r.l.RedisMessageListenerContainer  : Starting RedisMessageListenerContainer...
2025-04-27 22:02:57.312 DEBUG 17652 --- [  restartedMain] o.s.d.r.l.RedisMessageListenerContainer  : Postpone listening for Redis messages until actual listeners are added
2025-04-27 22:02:57.472  INFO 17652 --- [  restartedMain] o.s.b.d.a.OptionalLiveReloadServer       : LiveReload server is running on port 35729
2025-04-27 22:02:57.723  INFO 17652 --- [  restartedMain] io.undertow.websockets.jsr               : UT026003: Adding annotated server endpoint class com.cg.config.WebSocketServer for path /imserver/{username}
2025-04-27 22:02:57.746  INFO 17652 --- [  restartedMain] io.undertow                              : starting server: Undertow - 2.3.17.Final
2025-04-27 22:02:57.753  INFO 17652 --- [  restartedMain] org.xnio                                 : XNIO version 3.8.16.Final
2025-04-27 22:02:57.758  INFO 17652 --- [  restartedMain] org.xnio.nio                             : XNIO NIO Implementation Version 3.8.16.Final
2025-04-27 22:02:57.787  INFO 17652 --- [  restartedMain] org.jboss.threads                        : JBoss Threads version 3.5.0.Final
2025-04-27 22:02:57.834  INFO 17652 --- [  restartedMain] o.s.b.w.e.undertow.UndertowWebServer     : Undertow started on port 8080 (http) with context path '/'
2025-04-27 22:02:58.053  INFO 17652 --- [  restartedMain] com.cg.RecycleSystemApplication          : Started RecycleSystemApplication in 11.029 seconds (process running for 11.649)
2025-04-27 22:02:58.056  INFO 17652 --- [  restartedMain] com.cg.RecycleSystemApplication          : 文件 [sysBanner.txt] 的内容如下：
                                                                       ⡏⠉⠉⠉⠉⠉⠉⠋⠉⠉⠉⠉⠉⠉⠋⠉⠉⠉⠉⠉⠉⠉⠉⠉⠉⠙⠉⠉⠉⠹
                                                                       ⡇⢸⣿⡟⠛⢿⣷⠀⢸⣿⡟⠛⢿⣷⡄⢸⣿⡇⠀⢸⣿⡇⢸⣿⡇⠀⢸⣿⡇⠀
                                                                       ⡇⢸⣿⣧⣤⣾⠿⠀⢸⣿⣇⣀⣸⡿⠃⢸⣿⡇⠀⢸⣿⡇⢸⣿⣇⣀⣸⣿⡇⠀
                                                                       ⡇⢸⣿⡏⠉⢹⣿⡆⢸⣿⡟⠛⢻⣷⡄⢸⣿⡇⠀⢸⣿⡇⢸⣿⡏⠉⢹⣿⡇⠀⠄⠄⠄⠄⠄⠄⠄⠄⠄⠄⠄⠄⠄⣀⣠⣤⣶⣶⣶⣤⣄⣀⣀⠄⠄⠄⠄⠄
                                                                       ⡇⢸⣿⣧⣤⣼⡿⠃⢸⣿⡇⠀⢸⣿⡇⠸⣿⣧⣤⣼⡿⠁⢸⣿⡇⠀⢸⣿⡇⠀⠄⠄⠄⠄⠄⠄⠄⠄⣀⣤⣤⣶⣿⣿⣿⣿⣿⣿⣿⣟⢿⣿⣿⣿⣶⣤⡀⠄
⠄⠄⠄⣰⣿⠄⠄⠄⠄⠄⢠⠄⠄⢀⠄⠄⠄⠄⠄⠄⠄⠄⠄⠄⠄⠄⠄⠄⠄⠄                                  ⣇⣀⣀⣀⣀⣀⣀⣄⣀⣀⣀⣀⣀⣀⣀⣠⣀⡈⠉⣁⣀⣄⣀⣀⣀⣠⣀⣀⣀⣰⠄⠄⠄⠄⠄⠄⢀⣼⣿⣿⣿⣿⣿⣿⣿⣿⣿⣿⣿⣿⣷⣜⠿⠿⣿⣿⣧⢓⠄⣾⣿⡇⢸⣿⣿⣿⠄⠈⣿⣿⣿⣿⠈⣿⡇⢹⣿⣿⣿⡇⡇⢸⣿⣿⡇⣿⣿⣿
⠄⠄⢰⣿⠿⠄⡀⠄⠄⠄⠘⣷⡀⠄⠢⣄⠄⠄⠄⠄⠄⠄⠄⣠⠖⠁⠄⠄⠄⠄⣿⠟⣽⣿⣿⣿⣿⣿⢣⠟⠋⡜⠄⢸⣿⣿⡟⣬⢁⠠⠁⣤⠄⢰⠄⠇⢻⢸⣇⣿⠘⣿⣿⣿⡿⡿⣟⣟⢟⢟⢝⠵⡝⣿⡿⢂⣼⣿⣷⣌⠩⡫⡻⣝⠹⢿⣿⣷⠄⠄⠄⠄⠄⡠⢛⣿⣿⣿⡟⣿⣿⣽⣋⠻⢻⣿⣿⣿⣿⡻⣧⡠⣭⣭⣿⡧⢠⣿⣿⡇⢸⣿⣿⣿⡇⠄⢹⣿⣿⣿⡀⣿⣧⢸⣿⣿⣿⠁⡇⢸⣿⣿⠁⣿⣿⣿
⠄⣤⢸⣿⣿⣆⠣⠄⠄⠄⠄⠸⣿⣦⡀⠙⢶⣦⣄⡀⠄⡠⠞⠁⢀⡴⠄⠄⠄⠄⢏⣾⣿⣿⣿⠿⣟⢁⡴⡀⡜⣠⣶⢸⣿⣿⢃⡇⠂⢁⣶⣦⣅⠈⠇⠄⢸⢸⡆⣿⣆⠱⣝⡵⣝⢅⠙⣿⢕⢕⢕⢕⢝⣥⢒⠅⣿⣿⣿⡿⣳⣌⠪⡪⣡⢑⢝⣇⠄⠄⠄⠄⠄⢠⣿⡟⣿⢻⠃⣻⣨⣻⠿⡀⣝⡿⣿⣿⣷⣜⣜⢿⣝⡿⡻⢔⢸⣿⣿⡇⠸⣿⣿⣿⣿⡄⠈⢿⣿⣿⡇⢸⣿⡀⣿⣿⡿⠸⡇⣸⣿⣿⠄⣿⣿⣿
⢰⣿⣎⣿⣿⣿⣦⣀⠄⠄⠄⠄⠹⣿⣿⣦⢄⡙⠻⠿⠷⠶⠤⢐⣋⣀⠄⠄⠄⠄⣹⣿⣿⣿⡗⣾⡟⡜⣵⠃⣴⣿⣿⢸⣿⣿⢸⠘⢰⣿⣿⣿⣿⡀⢱⠄⠨⢸⡆⣿⣿⣦⠹⣳⣳⣕⢅⠈⢗⢕⢕⢕⢕⢕⢈⢆⠟⠋⠉⠁⠉⠉⠁⠈⠼⢐⢕⢽⠄⠄⠄⠄⠄⢸⡟⣷⢿⢈⣚⣓⡡⣻⣿⣶⣬⣛⣓⣉⡻⢿⣎⠢⠻⣴⡾⠫⢸⣿⡿⠷⠄⠿⠿⠿⠟⠓⠰⠘⠿⣿⣿⡈⣿⡇⢹⡟⠰⠦⠁⠈⠉⠋⠄⠻⢿⣿
⢸⣿⠛⠛⠻⠿⢿⣿⣧⢤⣤⣄⣠⡘⣿⣿⣿⡟⠿⠛⠂⠈⠉⠛⢿⣿⠄⠄⠄⠄⣿⣿⣿⣿⡇⣿⢁⣾⣿⣾⣿⣿⣿⣿⣸⣿⡎⠐⠒⠚⠛⠛⠿⢧⠄⠄⢠⣼⡗⢰⣶⣶⣦⣝⢝⢕⢕⠅⡆⢕⢕⢕⢕⢕⣴⠏⣠⡶⠛⡉⡉⡛⢶⣦⡀⠐⣕⢕⠄⠄⠄⠄⠄⢸⠃⢹⡼⢸⣿⣿⣿⣦⣹⣿⣿⣿⠿⠿⠿⠷⣎⡼⠆⣿⠵⣫⢨⡑⠶⡏⠛⠐⠋⠓⠲⠶⣭⣤⣴⣦⣭⣥⣮⣾⣬⣴⡮⠝⠒⠂⠂⠘⠉⠿⠖⣬
⠄⡇⢰⣿⣇⡀⠄⠄⣝⣿⣿⣿⣿⣿⣿⣿⣿⣶⣿⡄⠄⠈⠄⣷⢠⡆⠄⠄⠄⠄⣿⣿⣿⣿⠃⠿⢸⡿⠭⠭⢽⣿⣿⣿⢂⣿⠃⣤⠄⠄⠄⠄⠄⠄⠄⠄⣿⡾⡝⡄⢻⢟⣿⣿⣷⣕⣕⣅⣿⣔⣕⣵⣵⣿⣿⢠⣿⢠⣮⡈⣌⠨⠅⠹⣷⡀⢱⢕⠄⠄⠄⠄⠄⠈⠄⠸⡟⡜⣩⡄⠄⣿⣿⣿⣿⣶⢀⢀⣿⣷⣿⣿⡐⡇⡄⣿⠈⠉⠄⡀⠄⣀⣀⣀⣀⠈⢛⣿⣿⣿⣿⣿⣿⣿⣿⣟⠁⣀⣤⣤⣠⡀⠄⡀⠈⠁
⢹⣿⣼⣿⣯⢁⣤⣄⣿⣿⣿⣿⣿⣿⣿⣿⣿⣿⣿⡄⣴⠶⣲⣵⠟⠄⠄⠄⠄⠸⣼⠏⣿⡏⠄⠄⢠⣤⣶⣶⣾⣿⣿⣟⣾⣾⣼⣿⠒⠄⠄⠄⡠⣴⡄⢠⣿⣵⡝⡵⠟⠈⢀⣀⣀⡀⠉⢿⣿⣿⣿⣿⣿⣿⣿⣼⣿⢈⡋⠴⢿⡟⣡⡇⣿⡇⡀⢕⠄⠄⠄⠄⠄⠄⠄⠄⠁⢶⢻⣧⣖⣿⣿⣿⣿⣿⣿⣿⣿⡏⣿⣇⡟⣇⣷⣿⠄⠠⣾⡀⣾⣿⣧⣼⣿⡿⢠⣿⣿⣿⣿⣿⣿⣿⣿⣧⣼⣿⣧⣼⣿⣿⢀⣿⡇⠄
⠄⢿⣿⣿⣿⣷⣮⣾⣿⣿⣿⣿⣿⣿⣿⣿⣿⣿⣿⣿⣶⣾⣟⣡⡴⠄⠄⠄⠄⠁⣳⠄⣿⠄⠄⢣⠸⣹⣿⡟⣻⣿⣿⣿⣿⣿⣿⡿⡻⡖⠦⢤⣔⣯⡅⣼⡿⣹⡝⠁⣠⣾⠟⡉⡉⡉⠻⣦⣻⣿⣿⣿⣿⣿⣿⣿⣿⣧⠸⣿⣦⣥⣿⡇⡿⣰⢗⢄⠄⠄⠄⠄⠄⠄⠄⠄⠄⢸⣆⣤⣽⣿⡿⠿⠿⣿⣿⣦⣴⡇⣿⢨⣾⣿⢹⢸⡀⠄⠻⣷⡘⢿⣿⣿⡿⢣⣾⣿⣿⣿⣿⣿⣿⣿⣿⣿⣜⢿⣿⣿⡿⢃⣾⠟⢁⠈
⠄⠰⣭⣿⣿⣿⣿⣿⣿⣿⣿⣿⣿⣿⣿⣿⣿⣿⣿⣿⣿⣿⣿⡿⠁⡀⠄⠄⠄⠄⡿⣼⢸⠄⠄⣷⣷⣿⣿⣿⣿⣿⣿⣿⣿⣿⣿⣿⣕⡜⡌⡝⡸⠙⣼⠟⢱⠏⠁⢰⣿⡏⣴⣌⠈⣌⠡⠈⢻⣿⣿⣿⣿⣿⣿⣿⣿⣿⣿⣬⣉⣉⣁⣄⢖⢕⢕⢕⠄⠄⠄⠄⠄⠄⠄⠄⠄⢸⣿⠊⡛⢿⣿⣿⣿⣿⡿⣫⢱⢺⡇⡏⣿⣿⣸⡼⢃⢻⣶⣬⣿⣶⣬⣥⣶⣿⣿⣿⣿⣿⣿⢿⣿⣿⣿⣿⣿⣷⣶⣶⣾⣿⣷⣾⣾⢣
⠄⠄⠻⣿⣿⣿⣿⣿⣿⣿⣿⣿⣿⣿⣿⣿⣿⣿⣿⣿⣿⣿⣭⣶⡞⠄⠄⠄⠄⠄⡇⣿⣧⡰⡄⣿⣿⣿⣿⡿⠿⠿⠿⣿⣿⣿⣿⣿⣿⣿⣿⣷⣋⣪⣥⢠⠏⠄⡀⢻⣿⡇⢙⠁⠴⢿⡟⣡⡆⣿⣿⣿⣿⣿⣿⣿⣿⣿⣿⣿⣿⣿⣿⣿⣷⣵⣵⣿⠄⠄⠄⠄⠄⠄⠄⠄⠄⢸⡿⠄⣿⣷⣾⡍⣭⣶⣿⣿⡌⣼⣹⢱⠹⣿⣇⣧⡄⠈⢿⣿⣿⣿⣿⣿⣿⣿⣿⣿⣿⣿⣷⣼⣿⣿⣿⣿⣿⣿⣿⣿⣿⣿⣿⣿⡏⠘
⠄⠄⠐⣾⣿⣿⣿⣿⣿⣿⣿⣿⣿⣿⣿⣿⣿⣿⣿⣿⣿⣿⣿⡟⠄⠄⠄⠄⠄⠄⣧⢻⣿⣷⣧⢻⣿⣿⣿⡇⠄⢀⣀⣀⡙⣿⣿⣿⣿⣿⣿⣿⣿⣿⡇⠂⠄⠄⡻⣄⣻⣿⣌⠘⢿⣷⣥⣿⠇⣿⣿⣿⣿⣿⣿⠛⠻⣿⣿⣿⣿⣿⣿⣿⣿⣿⣿⣿⠄⠄⠄⠄⠄⠄⠄⠄⠄⣼⠁⣤⣭⣭⡌⢁⣼⣿⣿⣿⢹⡇⣭⣤⣶⣤⡝⡼⣿⡐⠘⣿⣿⣿⣿⣿⣿⣿⣿⣿⣿⣿⣿⣿⣿⣿⣿⣿⣿⣿⣿⣿⣿⣿⣿⠟⢠⢃
⠄⠄⠄⠈⠻⣿⣿⣿⣿⣿⣿⣯⣿⣯⣿⣾⣿⣿⣿⣿⣿⡿⠋⠄⠄⠄⠄⠄⠄⠄⢹⣼⣿⣿⣿⣧⡻⣿⣿⣇⣴⣿⣿⣿⣷⢸⣿⣿⣿⣿⣿⣿⣿⣿⣰⠄⠄⠄⣷⢄⠻⣿⣟⠿⠦⠍⠉⣡⣾⣿⣿⣿⣿⣿⣿⢸⣿⣦⠙⣿⣿⣿⣿⣿⣿⣿⣿⠟⠄⣀⠤⡀⠄⠄⠄⠄⠄⡏⣈⡻⡿⠃⢀⣾⣿⣿⣿⡿⡼⠁⣿⣿⣿⡿⢷⢸⣿⣷⡀⠈⠻⣿⣿⣿⣿⣿⣿⣿⣿⠿⠿⠿⠿⢿⣿⣿⣿⣿⣿⣿⣿⡿⠋⢀⠆⣼
⠄⠄⠄⠄⠄⠄⠙⠻⣿⣿⣿⣿⣿⣿⣿⣿⣿⣿⣿⣿⣵⠄⠄⠄⠄⠄⠄⠄⠄⠄⣼⡟⡟⣿⢸⣿⣿⣝⢿⣿⣾⣿⣿⣿⢟⣾⣿⣿⣿⣿⣿⣿⣿⣿⠟⠄⡀⡀⡕⡑⣑⣈⣻⢗⢟⢞⢝⣻⣿⣿⣿⣿⣿⣿⣿⠸⣿⠿⠃⣿⣿⣿⣿⣿⣿⡿⠁⣠⢰⣷⡧⡢⠄⠄⠄⠄⠠⢠⡛⠿⠄⠠⠬⠿⣿⠭⠭⢱⣇⣀⣭⡅⠶⣾⣷⣶⣿⣿⣷⡀⠄⠈⠛⢿⣿⣿⣿⣿⣷⣶⣶⣶⣶⣶⣿⣿⣿⣿⣿⠿⠋⠠⠂⢀⣾⣿
⠄⠄⠄⠄⠄⠄⠄⢀⣿⣯⣟⣿⣿⣿⡿⣟⣯⣷⣿⣿⡏⣤⠄⠄⠄⠄⠄⠄⠄⠄⣿⢰⣿⢹⢸⣿⣿⣿⣷⣝⢿⣿⣿⣿⣿⣿⣿⣿⣿⡿⠿⠛⠉⠄⠄⣸⢰⡇⡝⡵⡈⢟⢕⢕⢕⢕⣵⣿⣿⣿⣿⣿⣿⣿⣿⣿⣶⣶⣿⣿⣿⣿⣿⠿⠋⣀⣈⠙⠈⢿⣿⣧⠄⠄⠄⠄⢀⡛⠿⠄⠄⠄⠄⢠⠃⠄⠄⡜⠄⠄⣤⢀⣶⣮⡍⣴⣿⣿⣿⣧⠄⠄⢵⢠⣈⠛⠿⣿⣿⣿⣿⣿⣿⣿⣿⣿⠟⢋⡁⢰⠏⠄⠄⣼⣿⣿
⠄⠄⠄⠄⠄⠄⠄⣞⢸⣿⣿⣿⣾⣷⣿⣿⣿⣿⣿⣿⣇⣿⡆⠄⠄⠄⠄⠄⠄⠄⣿⣾⣹⣏⢸⣿⣿⣿⣿⣿⣷⣍⡻⣛⣛⣛⡉⠁⠄⠄⠄⠄⠄⠄⢀⢇⡏⠄⡝⡵⡕⡀⠑⠳⠿⣿⣿⣿⣿⣿⣿⣿⣿⣿⣿⣿⣿⣿⣿⠿⠛⢉⡠⡲⡫⡪⡪⡣⠄⠈⣿⣿⡀⠄⠄⠄⢩⣝⠃⠄⠄⢀⡄⡎⠄⠄⠄⠇⠄⠄⠅⣴⣶⣶⠄⣶⢻⣿⣿⣿⡄⢢⠨⠄⣯⠄⠄⣌⣉⠛⠻⠟⠛⢋⣉⣤⠄⢸⡇⣨⣤⠄⢸⣿⣿⣿
2025-04-27 22:03:00.020  INFO 17652 --- [   scheduling-1] com.zaxxer.hikari.HikariDataSource       : HikariPool-1 - Starting...
2025-04-27 22:03:00.832  INFO 17652 --- [   scheduling-1] com.zaxxer.hikari.pool.HikariPool        : HikariPool-1 - Added connection com.mysql.cj.jdbc.ConnectionImpl@59868a90
2025-04-27 22:03:00.833  INFO 17652 --- [   scheduling-1] com.zaxxer.hikari.HikariDataSource       : HikariPool-1 - Start completed.
2025-04-27 22:06:36.653  INFO 17652 --- [SpringApplicationShutdownHook] io.undertow                              : stopping server: Undertow - 2.3.17.Final
2025-04-27 22:06:36.667 DEBUG 17652 --- [SpringApplicationShutdownHook] o.s.d.r.l.RedisMessageListenerContainer  : Stopped RedisMessageListenerContainer
2025-04-27 22:06:36.673  INFO 17652 --- [SpringApplicationShutdownHook] com.zaxxer.hikari.HikariDataSource       : HikariPool-1 - Shutdown initiated...
2025-04-27 22:06:36.679  INFO 17652 --- [SpringApplicationShutdownHook] com.zaxxer.hikari.HikariDataSource       : HikariPool-1 - Shutdown completed.
