2025-04-20 22:25:47.058  INFO 15976 --- [  restartedMain] com.cg.RecycleSystemApplication          : Starting RecycleSystemApplication using Java 17.0.9 with PID 15976 (F:\IDEA_workspasce\recycle_system\target\classes started by MIZUGI in F:\IDEA_workspasce\recycle_system)
2025-04-20 22:25:47.060  INFO 15976 --- [  restartedMain] com.cg.RecycleSystemApplication          : No active profile set, falling back to 1 default profile: "default"
2025-04-20 22:25:47.109  INFO 15976 --- [  restartedMain] .e.DevToolsPropertyDefaultsPostProcessor : Devtools property defaults active! Set 'spring.devtools.add-properties' to 'false' to disable
2025-04-20 22:25:47.109  INFO 15976 --- [  restartedMain] .e.DevToolsPropertyDefaultsPostProcessor : For additional web related logging consider setting the 'logging.level.web' property to 'DEBUG'
2025-04-20 22:25:47.966  INFO 15976 --- [  restartedMain] .s.d.r.c.RepositoryConfigurationDelegate : Multiple Spring Data modules found, entering strict repository configuration mode
2025-04-20 22:25:47.969  INFO 15976 --- [  restartedMain] .s.d.r.c.RepositoryConfigurationDelegate : Bootstrapping Spring Data Redis repositories in DEFAULT mode.
2025-04-20 22:25:47.998  INFO 15976 --- [  restartedMain] .s.d.r.c.RepositoryConfigurationDelegate : Finished Spring Data repository scanning in 17 ms. Found 0 Redis repository interfaces.
2025-04-20 22:25:48.830  INFO 15976 --- [  restartedMain] io.undertow.servlet                      : Initializing Spring embedded WebApplicationContext
2025-04-20 22:25:48.831  INFO 15976 --- [  restartedMain] w.s.c.ServletWebServerApplicationContext : Root WebApplicationContext: initialization completed in 1721 ms
2025-04-20 22:25:49.637  INFO 15976 --- [  restartedMain] com.cg.config.SshTunnelConfig            : SSH-Mysqlйҡ§йҒ“е·Іе»әз«ӢпјҢжң¬ең°з«ҜеҸЈ: 3307
2025-04-20 22:25:49.638  INFO 15976 --- [  restartedMain] com.cg.config.SshTunnelConfig            : [7001, 7002, 7003, 7004, 7005, 7006]=====[7001, 7002, 7003, 7004, 7005, 7006]
2025-04-20 22:25:49.638  INFO 15976 --- [  restartedMain] com.cg.config.SshTunnelConfig            : 7001===============7001
2025-04-20 22:25:49.638  INFO 15976 --- [  restartedMain] com.cg.config.SshTunnelConfig            : SSH-Redisйҡ§йҒ“е·Іе»әз«ӢпјҢжң¬ең°з«ҜеҸЈ: 7001
2025-04-20 22:25:49.638  INFO 15976 --- [  restartedMain] com.cg.config.SshTunnelConfig            : 7002===============7002
2025-04-20 22:25:49.639  INFO 15976 --- [  restartedMain] com.cg.config.SshTunnelConfig            : SSH-Redisйҡ§йҒ“е·Іе»әз«ӢпјҢжң¬ең°з«ҜеҸЈ: 7002
2025-04-20 22:25:49.639  INFO 15976 --- [  restartedMain] com.cg.config.SshTunnelConfig            : 7003===============7003
2025-04-20 22:25:49.639  INFO 15976 --- [  restartedMain] com.cg.config.SshTunnelConfig            : SSH-Redisйҡ§йҒ“е·Іе»әз«ӢпјҢжң¬ең°з«ҜеҸЈ: 7003
2025-04-20 22:25:49.639  INFO 15976 --- [  restartedMain] com.cg.config.SshTunnelConfig            : 7004===============7004
2025-04-20 22:25:49.639  INFO 15976 --- [  restartedMain] com.cg.config.SshTunnelConfig            : SSH-Redisйҡ§йҒ“е·Іе»әз«ӢпјҢжң¬ең°з«ҜеҸЈ: 7004
2025-04-20 22:25:49.640  INFO 15976 --- [  restartedMain] com.cg.config.SshTunnelConfig            : 7005===============7005
2025-04-20 22:25:49.640  INFO 15976 --- [  restartedMain] com.cg.config.SshTunnelConfig            : SSH-Redisйҡ§йҒ“е·Іе»әз«ӢпјҢжң¬ең°з«ҜеҸЈ: 7005
2025-04-20 22:25:49.640  INFO 15976 --- [  restartedMain] com.cg.config.SshTunnelConfig            : 7006===============7006
2025-04-20 22:25:49.640  INFO 15976 --- [  restartedMain] com.cg.config.SshTunnelConfig            : SSH-Redisйҡ§йҒ“е·Іе»әз«ӢпјҢжң¬ең°з«ҜеҸЈ: 7006
2025-04-20 22:25:51.759  INFO 15976 --- [  restartedMain] c.a.c.sentinel.SentinelWebMvcConfigurer  : [Sentinel Starter] register SentinelWebInterceptor with urlPatterns: [/**].
2025-04-20 22:25:52.301 DEBUG 15976 --- [  restartedMain] o.s.d.r.l.RedisMessageListenerContainer  : Starting RedisMessageListenerContainer...
2025-04-20 22:25:52.301 DEBUG 15976 --- [  restartedMain] o.s.d.r.l.RedisMessageListenerContainer  : Postpone listening for Redis messages until actual listeners are added
2025-04-20 22:25:52.476  INFO 15976 --- [  restartedMain] o.s.b.d.a.OptionalLiveReloadServer       : LiveReload server is running on port 35729
2025-04-20 22:25:52.780  INFO 15976 --- [  restartedMain] io.undertow.websockets.jsr               : UT026003: Adding annotated server endpoint class com.cg.config.WebSocketServer for path /imserver/{username}
2025-04-20 22:25:52.806  INFO 15976 --- [  restartedMain] io.undertow                              : starting server: Undertow - 2.3.17.Final
2025-04-20 22:25:52.814  INFO 15976 --- [  restartedMain] org.xnio                                 : XNIO version 3.8.16.Final
2025-04-20 22:25:52.820  INFO 15976 --- [  restartedMain] org.xnio.nio                             : XNIO NIO Implementation Version 3.8.16.Final
2025-04-20 22:25:52.851  INFO 15976 --- [  restartedMain] org.jboss.threads                        : JBoss Threads version 3.5.0.Final
2025-04-20 22:25:52.899  INFO 15976 --- [  restartedMain] o.s.b.w.e.undertow.UndertowWebServer     : Undertow started on port 8080 (http) with context path '/'
2025-04-20 22:25:53.202  INFO 15976 --- [  restartedMain] com.cg.RecycleSystemApplication          : Started RecycleSystemApplication in 6.994 seconds (process running for 7.72)
2025-04-20 22:25:53.207  INFO 15976 --- [  restartedMain] com.cg.RecycleSystemApplication          : ж–Үд»¶ [sysBanner.txt] зҡ„еҶ…е®№еҰӮдёӢпјҡ
                                                                       вЎҸв үв үв үв үв үв үв Ӣв үв үв үв үв үв үв Ӣв үв үв үв үв үв үв үв үв үв үв ҷв үв үв үв №
                                                                       вЎҮвўёвЈҝвЎҹв ӣвўҝвЈ·в ҖвўёвЈҝвЎҹв ӣвўҝвЈ·вЎ„вўёвЈҝвЎҮв ҖвўёвЈҝвЎҮвўёвЈҝвЎҮв ҖвўёвЈҝвЎҮв Җ
                                                                       вЎҮвўёвЈҝвЈ§вЈӨвЈҫв ҝв ҖвўёвЈҝвЈҮвЈҖвЈёвЎҝв ғвўёвЈҝвЎҮв ҖвўёвЈҝвЎҮвўёвЈҝвЈҮвЈҖвЈёвЈҝвЎҮв Җ
                                                                       вЎҮвўёвЈҝвЎҸв үвў№вЈҝвЎҶвўёвЈҝвЎҹв ӣвў»вЈ·вЎ„вўёвЈҝвЎҮв ҖвўёвЈҝвЎҮвўёвЈҝвЎҸв үвў№вЈҝвЎҮв Җв „в „в „в „в „в „в „в „в „в „в „в „в „вЈҖвЈ вЈӨвЈ¶вЈ¶вЈ¶вЈӨвЈ„вЈҖвЈҖв „в „в „в „в „
                                                                       вЎҮвўёвЈҝвЈ§вЈӨвЈјвЎҝв ғвўёвЈҝвЎҮв ҖвўёвЈҝвЎҮв ёвЈҝвЈ§вЈӨвЈјвЎҝв ҒвўёвЈҝвЎҮв ҖвўёвЈҝвЎҮв Җв „в „в „в „в „в „в „в „вЈҖвЈӨвЈӨвЈ¶вЈҝвЈҝвЈҝвЈҝвЈҝвЈҝвЈҝвЈҹвўҝвЈҝвЈҝвЈҝвЈ¶вЈӨвЎҖв „
в „в „в „вЈ°вЈҝв „в „в „в „в „вў в „в „вўҖв „в „в „в „в „в „в „в „в „в „в „в „в „в „в „в „                                  вЈҮвЈҖвЈҖвЈҖвЈҖвЈҖвЈҖвЈ„вЈҖвЈҖвЈҖвЈҖвЈҖвЈҖвЈҖвЈ вЈҖвЎҲв үвЈҒвЈҖвЈ„вЈҖвЈҖвЈҖвЈ вЈҖвЈҖвЈҖвЈ°в „в „в „в „в „в „вўҖвЈјвЈҝвЈҝвЈҝвЈҝвЈҝвЈҝвЈҝвЈҝвЈҝвЈҝвЈҝвЈҝвЈ·вЈңв ҝв ҝвЈҝвЈҝвЈ§вў“в „вЈҫвЈҝвЎҮвўёвЈҝвЈҝвЈҝв „в ҲвЈҝвЈҝвЈҝвЈҝв ҲвЈҝвЎҮвў№вЈҝвЈҝвЈҝвЎҮвЎҮвўёвЈҝвЈҝвЎҮвЈҝвЈҝвЈҝ
в „в „вў°вЈҝв ҝв „вЎҖв „в „в „в ҳвЈ·вЎҖв „в ўвЈ„в „в „в „в „в „в „в „вЈ в –в Ғв „в „в „в „вЈҝв ҹвЈҪвЈҝвЈҝвЈҝвЈҝвЈҝвўЈв ҹв ӢвЎңв „вўёвЈҝвЈҝвЎҹвЈ¬вўҒв  в ҒвЈӨв „вў°в „в Үвў»вўёвЈҮвЈҝв ҳвЈҝвЈҝвЈҝвЎҝвЎҝвЈҹвЈҹвўҹвўҹвўқв өвЎқвЈҝвЎҝвўӮвЈјвЈҝвЈ·вЈҢв ©вЎ«вЎ»вЈқв №вўҝвЈҝвЈ·в „в „в „в „в „вЎ вўӣвЈҝвЈҝвЈҝвЎҹвЈҝвЈҝвЈҪвЈӢв »вў»вЈҝвЈҝвЈҝвЈҝвЎ»вЈ§вЎ вЈӯвЈӯвЈҝвЎ§вў вЈҝвЈҝвЎҮвўёвЈҝвЈҝвЈҝвЎҮв „вў№вЈҝвЈҝвЈҝвЎҖвЈҝвЈ§вўёвЈҝвЈҝвЈҝв ҒвЎҮвўёвЈҝвЈҝв ҒвЈҝвЈҝвЈҝ
в „вЈӨвўёвЈҝвЈҝвЈҶв Јв „в „в „в „в ёвЈҝвЈҰвЎҖв ҷвў¶вЈҰвЈ„вЎҖв „вЎ в һв ҒвўҖвЎҙв „в „в „в „вўҸвЈҫвЈҝвЈҝвЈҝв ҝвЈҹвўҒвЎҙвЎҖвЎңвЈ вЈ¶вўёвЈҝвЈҝвўғвЎҮв ӮвўҒвЈ¶вЈҰвЈ…в Ҳв Үв „вўёвўёвЎҶвЈҝвЈҶв ұвЈқвЎөвЈқвў…в ҷвЈҝвў•вў•вў•вў•вўқвЈҘвў’в …вЈҝвЈҝвЈҝвЎҝвЈівЈҢв ӘвЎӘвЈЎвў‘вўқвЈҮв „в „в „в „в „вў вЈҝвЎҹвЈҝвў»в ғвЈ»вЈЁвЈ»в ҝвЎҖвЈқвЎҝвЈҝвЈҝвЈ·вЈңвЈңвўҝвЈқвЎҝвЎ»вў”вўёвЈҝвЈҝвЎҮв ёвЈҝвЈҝвЈҝвЈҝвЎ„в ҲвўҝвЈҝвЈҝвЎҮвўёвЈҝвЎҖвЈҝвЈҝвЎҝв ёвЎҮвЈёвЈҝвЈҝв „вЈҝвЈҝвЈҝ
вў°вЈҝвЈҺвЈҝвЈҝвЈҝвЈҰвЈҖв „в „в „в „в №вЈҝвЈҝвЈҰвў„вЎҷв »в ҝв ·в ¶в ӨвўҗвЈӢвЈҖв „в „в „в „вЈ№вЈҝвЈҝвЈҝвЎ—вЈҫвЎҹвЎңвЈөв ғвЈҙвЈҝвЈҝвўёвЈҝвЈҝвўёв ҳвў°вЈҝвЈҝвЈҝвЈҝвЎҖвўұв „в ЁвўёвЎҶвЈҝвЈҝвЈҰв №вЈівЈівЈ•вў…в Ҳвў—вў•вў•вў•вў•вў•вўҲвўҶв ҹв Ӣв үв Ғв үв үв Ғв Ҳв јвўҗвў•вўҪв „в „в „в „в „вўёвЎҹвЈ·вўҝвўҲвЈҡвЈ“вЎЎвЈ»вЈҝвЈ¶вЈ¬вЈӣвЈ“вЈүвЎ»вўҝвЈҺв ўв »вЈҙвЎҫв «вўёвЈҝвЎҝв ·в „в ҝв ҝв ҝв ҹв “в °в ҳв ҝвЈҝвЈҝвЎҲвЈҝвЎҮвў№вЎҹв °в Ұв Ғв Ҳв үв Ӣв „в »вўҝвЈҝ
вўёвЈҝв ӣв ӣв »в ҝвўҝвЈҝвЈ§вўӨвЈӨвЈ„вЈ вЎҳвЈҝвЈҝвЈҝвЎҹв ҝв ӣв Ӯв Ҳв үв ӣвўҝвЈҝв „в „в „в „вЈҝвЈҝвЈҝвЈҝвЎҮвЈҝвўҒвЈҫвЈҝвЈҫвЈҝвЈҝвЈҝвЈҝвЈёвЈҝвЎҺв җв ’в ҡв ӣв ӣв ҝвў§в „в „вў вЈјвЎ—вў°вЈ¶вЈ¶вЈҰвЈқвўқвў•вў•в …вЎҶвў•вў•вў•вў•вў•вЈҙв ҸвЈ вЎ¶в ӣвЎүвЎүвЎӣвў¶вЈҰвЎҖв җвЈ•вў•в „в „в „в „в „вўёв ғвў№вЎјвўёвЈҝвЈҝвЈҝвЈҰвЈ№вЈҝвЈҝвЈҝв ҝв ҝв ҝв ·вЈҺвЎјв ҶвЈҝв өвЈ«вўЁвЎ‘в ¶вЎҸв ӣв җв Ӣв “в Ів ¶вЈӯвЈӨвЈҙвЈҰвЈӯвЈҘвЈ®вЈҫвЈ¬вЈҙвЎ®в қв ’в Ӯв Ӯв ҳв үв ҝв –вЈ¬
в „вЎҮвў°вЈҝвЈҮвЎҖв „в „вЈқвЈҝвЈҝвЈҝвЈҝвЈҝвЈҝвЈҝвЈҝвЈ¶вЈҝвЎ„в „в Ҳв „вЈ·вў вЎҶв „в „в „в „вЈҝвЈҝвЈҝвЈҝв ғв ҝвўёвЎҝв ӯв ӯвўҪвЈҝвЈҝвЈҝвўӮвЈҝв ғвЈӨв „в „в „в „в „в „в „в „вЈҝвЎҫвЎқвЎ„вў»вўҹвЈҝвЈҝвЈ·вЈ•вЈ•вЈ…вЈҝвЈ”вЈ•вЈөвЈөвЈҝвЈҝвў вЈҝвў вЈ®вЎҲвЈҢв Ёв …в №вЈ·вЎҖвўұвў•в „в „в „в „в „в Ҳв „в ёвЎҹвЎңвЈ©вЎ„в „вЈҝвЈҝвЈҝвЈҝвЈ¶вўҖвўҖвЈҝвЈ·вЈҝвЈҝвЎҗвЎҮвЎ„вЈҝв Ҳв үв „вЎҖв „вЈҖвЈҖвЈҖвЈҖв ҲвўӣвЈҝвЈҝвЈҝвЈҝвЈҝвЈҝвЈҝвЈҝвЈҹв ҒвЈҖвЈӨвЈӨвЈ вЎҖв „вЎҖв Ҳв Ғ
вў№вЈҝвЈјвЈҝвЈҜвўҒвЈӨвЈ„вЈҝвЈҝвЈҝвЈҝвЈҝвЈҝвЈҝвЈҝвЈҝвЈҝвЈҝвЎ„вЈҙв ¶вЈІвЈөв ҹв „в „в „в „в ёвЈјв ҸвЈҝвЎҸв „в „вў вЈӨвЈ¶вЈ¶вЈҫвЈҝвЈҝвЈҹвЈҫвЈҫвЈјвЈҝв ’в „в „в „вЎ вЈҙвЎ„вў вЈҝвЈөвЎқвЎөв ҹв ҲвўҖвЈҖвЈҖвЎҖв үвўҝвЈҝвЈҝвЈҝвЈҝвЈҝвЈҝвЈҝвЈјвЈҝвўҲвЎӢв ҙвўҝвЎҹвЈЎвЎҮвЈҝвЎҮвЎҖвў•в „в „в „в „в „в „в „в „в Ғвў¶вў»вЈ§вЈ–вЈҝвЈҝвЈҝвЈҝвЈҝвЈҝвЈҝвЈҝвЎҸвЈҝвЈҮвЎҹвЈҮвЈ·вЈҝв „в  вЈҫвЎҖвЈҫвЈҝвЈ§вЈјвЈҝвЎҝвў вЈҝвЈҝвЈҝвЈҝвЈҝвЈҝвЈҝвЈҝвЈ§вЈјвЈҝвЈ§вЈјвЈҝвЈҝвўҖвЈҝвЎҮв „
в „вўҝвЈҝвЈҝвЈҝвЈ·вЈ®вЈҫвЈҝвЈҝвЈҝвЈҝвЈҝвЈҝвЈҝвЈҝвЈҝвЈҝвЈҝвЈҝвЈ¶вЈҫвЈҹвЈЎвЎҙв „в „в „в „в ҒвЈів „вЈҝв „в „вўЈв ёвЈ№вЈҝвЎҹвЈ»вЈҝвЈҝвЈҝвЈҝвЈҝвЈҝвЎҝвЎ»вЎ–в ҰвўӨвЈ”вЈҜвЎ…вЈјвЎҝвЈ№вЎқв ҒвЈ вЈҫв ҹвЎүвЎүвЎүв »вЈҰвЈ»вЈҝвЈҝвЈҝвЈҝвЈҝвЈҝвЈҝвЈҝвЈ§в ёвЈҝвЈҰвЈҘвЈҝвЎҮвЎҝвЈ°вў—вў„в „в „в „в „в „в „в „в „в „вўёвЈҶвЈӨвЈҪвЈҝвЎҝв ҝв ҝвЈҝвЈҝвЈҰвЈҙвЎҮвЈҝвўЁвЈҫвЈҝвў№вўёвЎҖв „в »вЈ·вЎҳвўҝвЈҝвЈҝвЎҝвўЈвЈҫвЈҝвЈҝвЈҝвЈҝвЈҝвЈҝвЈҝвЈҝвЈҝвЈңвўҝвЈҝвЈҝвЎҝвўғвЈҫв ҹвўҒв Ҳ
в „в °вЈӯвЈҝвЈҝвЈҝвЈҝвЈҝвЈҝвЈҝвЈҝвЈҝвЈҝвЈҝвЈҝвЈҝвЈҝвЈҝвЈҝвЈҝвЈҝвЈҝвЈҝвЎҝв ҒвЎҖв „в „в „в „вЎҝвЈјвўёв „в „вЈ·вЈ·вЈҝвЈҝвЈҝвЈҝвЈҝвЈҝвЈҝвЈҝвЈҝвЈҝвЈҝвЈ•вЎңвЎҢвЎқвЎёв ҷвЈјв ҹвўұв Ҹв Ғвў°вЈҝвЎҸвЈҙвЈҢв ҲвЈҢв Ўв Ҳвў»вЈҝвЈҝвЈҝвЈҝвЈҝвЈҝвЈҝвЈҝвЈҝвЈҝвЈ¬вЈүвЈүвЈҒвЈ„вў–вў•вў•вў•в „в „в „в „в „в „в „в „в „вўёвЈҝв ҠвЎӣвўҝвЈҝвЈҝвЈҝвЈҝвЎҝвЈ«вўұвўәвЎҮвЎҸвЈҝвЈҝвЈёвЎјвўғвў»вЈ¶вЈ¬вЈҝвЈ¶вЈ¬вЈҘвЈ¶вЈҝвЈҝвЈҝвЈҝвЈҝвЈҝвўҝвЈҝвЈҝвЈҝвЈҝвЈҝвЈ·вЈ¶вЈ¶вЈҫвЈҝвЈ·вЈҫвЈҫвўЈ
в „в „в »вЈҝвЈҝвЈҝвЈҝвЈҝвЈҝвЈҝвЈҝвЈҝвЈҝвЈҝвЈҝвЈҝвЈҝвЈҝвЈҝвЈҝвЈҝвЈҝвЈӯвЈ¶вЎһв „в „в „в „в „вЎҮвЈҝвЈ§вЎ°вЎ„вЈҝвЈҝвЈҝвЈҝвЎҝв ҝв ҝв ҝвЈҝвЈҝвЈҝвЈҝвЈҝвЈҝвЈҝвЈҝвЈ·вЈӢвЈӘвЈҘвў в Ҹв „вЎҖвў»вЈҝвЎҮвўҷв Ғв ҙвўҝвЎҹвЈЎвЎҶвЈҝвЈҝвЈҝвЈҝвЈҝвЈҝвЈҝвЈҝвЈҝвЈҝвЈҝвЈҝвЈҝвЈҝвЈҝвЈ·вЈөвЈөвЈҝв „в „в „в „в „в „в „в „в „вўёвЎҝв „вЈҝвЈ·вЈҫвЎҚвЈӯвЈ¶вЈҝвЈҝвЎҢвЈјвЈ№вўұв №вЈҝвЈҮвЈ§вЎ„в ҲвўҝвЈҝвЈҝвЈҝвЈҝвЈҝвЈҝвЈҝвЈҝвЈҝвЈҝвЈҝвЈ·вЈјвЈҝвЈҝвЈҝвЈҝвЈҝвЈҝвЈҝвЈҝвЈҝвЈҝвЈҝвЈҝвЎҸв ҳ
в „в „в җвЈҫвЈҝвЈҝвЈҝвЈҝвЈҝвЈҝвЈҝвЈҝвЈҝвЈҝвЈҝвЈҝвЈҝвЈҝвЈҝвЈҝвЈҝвЈҝвЈҝвЎҹв „в „в „в „в „в „вЈ§вў»вЈҝвЈ·вЈ§вў»вЈҝвЈҝвЈҝвЎҮв „вўҖвЈҖвЈҖвЎҷвЈҝвЈҝвЈҝвЈҝвЈҝвЈҝвЈҝвЈҝвЈҝвЎҮв Ӯв „в „вЎ»вЈ„вЈ»вЈҝвЈҢв ҳвўҝвЈ·вЈҘвЈҝв ҮвЈҝвЈҝвЈҝвЈҝвЈҝвЈҝв ӣв »вЈҝвЈҝвЈҝвЈҝвЈҝвЈҝвЈҝвЈҝвЈҝвЈҝвЈҝв „в „в „в „в „в „в „в „в „вЈјв ҒвЈӨвЈӯвЈӯвЎҢвўҒвЈјвЈҝвЈҝвЈҝвў№вЎҮвЈӯвЈӨвЈ¶вЈӨвЎқвЎјвЈҝвЎҗв ҳвЈҝвЈҝвЈҝвЈҝвЈҝвЈҝвЈҝвЈҝвЈҝвЈҝвЈҝвЈҝвЈҝвЈҝвЈҝвЈҝвЈҝвЈҝвЈҝвЈҝвЈҝвЈҝвЈҝвЈҝв ҹвў вўғ
в „в „в „в Ҳв »вЈҝвЈҝвЈҝвЈҝвЈҝвЈҝвЈҜвЈҝвЈҜвЈҝвЈҫвЈҝвЈҝвЈҝвЈҝвЈҝвЎҝв Ӣв „в „в „в „в „в „в „вў№вЈјвЈҝвЈҝвЈҝвЈ§вЎ»вЈҝвЈҝвЈҮвЈҙвЈҝвЈҝвЈҝвЈ·вўёвЈҝвЈҝвЈҝвЈҝвЈҝвЈҝвЈҝвЈҝвЈ°в „в „в „вЈ·вў„в »вЈҝвЈҹв ҝв Ұв Қв үвЈЎвЈҫвЈҝвЈҝвЈҝвЈҝвЈҝвЈҝвўёвЈҝвЈҰв ҷвЈҝвЈҝвЈҝвЈҝвЈҝвЈҝвЈҝвЈҝв ҹв „вЈҖв ӨвЎҖв „в „в „в „в „вЎҸвЈҲвЎ»вЎҝв ғвўҖвЈҫвЈҝвЈҝвЈҝвЎҝвЎјв ҒвЈҝвЈҝвЈҝвЎҝвў·вўёвЈҝвЈ·вЎҖв Ҳв »вЈҝвЈҝвЈҝвЈҝвЈҝвЈҝвЈҝвЈҝв ҝв ҝв ҝв ҝвўҝвЈҝвЈҝвЈҝвЈҝвЈҝвЈҝвЈҝвЎҝв ӢвўҖв ҶвЈј
в „в „в „в „в „в „в ҷв »вЈҝвЈҝвЈҝвЈҝвЈҝвЈҝвЈҝвЈҝвЈҝвЈҝвЈҝвЈҝвЈөв „в „в „в „в „в „в „в „в „вЈјвЎҹвЎҹвЈҝвўёвЈҝвЈҝвЈқвўҝвЈҝвЈҫвЈҝвЈҝвЈҝвўҹвЈҫвЈҝвЈҝвЈҝвЈҝвЈҝвЈҝвЈҝвЈҝв ҹв „вЎҖвЎҖвЎ•вЎ‘вЈ‘вЈҲвЈ»вў—вўҹвўһвўқвЈ»вЈҝвЈҝвЈҝвЈҝвЈҝвЈҝвЈҝв ёвЈҝв ҝв ғвЈҝвЈҝвЈҝвЈҝвЈҝвЈҝвЎҝв ҒвЈ вў°вЈ·вЎ§вЎўв „в „в „в „в  вў вЎӣв ҝв „в  в ¬в ҝвЈҝв ӯв ӯвўұвЈҮвЈҖвЈӯвЎ…в ¶вЈҫвЈ·вЈ¶вЈҝвЈҝвЈ·вЎҖв „в Ҳв ӣвўҝвЈҝвЈҝвЈҝвЈҝвЈ·вЈ¶вЈ¶вЈ¶вЈ¶вЈ¶вЈҝвЈҝвЈҝвЈҝвЈҝв ҝв Ӣв  в ӮвўҖвЈҫвЈҝ
в „в „в „в „в „в „в „вўҖвЈҝвЈҜвЈҹвЈҝвЈҝвЈҝвЎҝвЈҹвЈҜвЈ·вЈҝвЈҝвЎҸвЈӨв „в „в „в „в „в „в „в „вЈҝвў°вЈҝвў№вўёвЈҝвЈҝвЈҝвЈ·вЈқвўҝвЈҝвЈҝвЈҝвЈҝвЈҝвЈҝвЈҝвЈҝвЎҝв ҝв ӣв үв „в „вЈёвў°вЎҮвЎқвЎөвЎҲвўҹвў•вў•вў•вў•вЈөвЈҝвЈҝвЈҝвЈҝвЈҝвЈҝвЈҝвЈҝвЈҝвЈ¶вЈ¶вЈҝвЈҝвЈҝвЈҝвЈҝв ҝв ӢвЈҖвЈҲв ҷв ҲвўҝвЈҝвЈ§в „в „в „в „вўҖвЎӣв ҝв „в „в „в „вў в ғв „в „вЎңв „в „вЈӨвўҖвЈ¶вЈ®вЎҚвЈҙвЈҝвЈҝвЈҝвЈ§в „в „вўөвў вЈҲв ӣв ҝвЈҝвЈҝвЈҝвЈҝвЈҝвЈҝвЈҝвЈҝвЈҝв ҹвўӢвЎҒвў°в Ҹв „в „вЈјвЈҝвЈҝ
в „в „в „в „в „в „в „вЈһвўёвЈҝвЈҝвЈҝвЈҫвЈ·вЈҝвЈҝвЈҝвЈҝвЈҝвЈҝвЈҮвЈҝвЎҶв „в „в „в „в „в „в „вЈҝвЈҫвЈ№вЈҸвўёвЈҝвЈҝвЈҝвЈҝвЈҝвЈ·вЈҚвЎ»вЈӣвЈӣвЈӣвЎүв Ғв „в „в „в „в „в „вўҖвўҮвЎҸв „вЎқвЎөвЎ•вЎҖв ‘в ів ҝвЈҝвЈҝвЈҝвЈҝвЈҝвЈҝвЈҝвЈҝвЈҝвЈҝвЈҝвЈҝвЈҝвЈҝв ҝв ӣвўүвЎ вЎІвЎ«вЎӘвЎӘвЎЈв „в ҲвЈҝвЈҝвЎҖв „в „в „вў©вЈқв ғв „в „вўҖвЎ„вЎҺв „в „в „в Үв „в „в …вЈҙвЈ¶вЈ¶в „вЈ¶вў»вЈҝвЈҝвЈҝвЎ„вўўв Ёв „вЈҜв „в „вЈҢвЈүв ӣв »в ҹв ӣвўӢвЈүвЈӨв „вўёвЎҮвЈЁвЈӨв „вўёвЈҝвЈҝвЈҝ
2025-04-20 22:25:54.027  INFO 15976 --- [   scheduling-1] com.zaxxer.hikari.HikariDataSource       : HikariPool-1 - Starting...
2025-04-20 22:25:54.738  INFO 15976 --- [   scheduling-1] com.zaxxer.hikari.pool.HikariPool        : HikariPool-1 - Added connection com.mysql.cj.jdbc.ConnectionImpl@4e3b8d92
2025-04-20 22:25:54.739  INFO 15976 --- [   scheduling-1] com.zaxxer.hikari.HikariDataSource       : HikariPool-1 - Start completed.
2025-04-20 22:26:38.377  INFO 15976 --- [  XNIO-1 task-2] io.undertow.servlet                      : Initializing Spring DispatcherServlet 'dispatcherServlet'
2025-04-20 22:26:38.378  INFO 15976 --- [  XNIO-1 task-2] o.s.web.servlet.DispatcherServlet        : Initializing Servlet 'dispatcherServlet'
2025-04-20 22:26:38.379  INFO 15976 --- [  XNIO-1 task-2] o.s.web.servlet.DispatcherServlet        : Completed initialization in 1 ms
2025-04-20 22:26:38.495  INFO 15976 --- [  XNIO-1 task-2] com.cg.config.WebLogAspect               : URL(иҜ·жұӮи·Ҝеҫ„): http://localhost:8080/sys-user/login
2025-04-20 22:26:38.496  INFO 15976 --- [  XNIO-1 task-2] com.cg.config.WebLogAspect               : HTTP_METHOD(иҜ·жұӮ): POST
2025-04-20 22:26:38.496  INFO 15976 --- [  XNIO-1 task-2] com.cg.config.WebLogAspect               : IP(иҜ·жұӮIP): 0:0:0:0:0:0:0:1
2025-04-20 22:26:38.497  INFO 15976 --- [  XNIO-1 task-2] com.cg.config.WebLogAspect               : CLASS_METHOD(зұ»ж–№жі•): com.cg.controller.UserController.login
2025-04-20 22:26:38.497  INFO 15976 --- [  XNIO-1 task-2] com.cg.config.WebLogAspect               : Args(иҜ·жұӮеҸӮж•°): [urabe, 123456, HttpServletRequestImpl [ POST /sys-user/login ]]
2025-04-20 22:26:40.207  INFO 15976 --- [  XNIO-1 task-2] com.cg.config.PerformanceInterceptor     : Query SQL: SELECT  id,mobile,name,account,password,role_id,role_name,role_value,avatar_url,email,create_time,status,amount  FROM v_user      WHERE  (account = ?) жү§иЎҢиҖ—ж—¶: 0 ms
2025-04-20 22:26:40.393 DEBUG 15976 --- [  XNIO-1 task-2] o.s.d.redis.core.RedisConnectionUtils    : Fetching Redis Connection from RedisConnectionFactory
2025-04-20 22:26:40.439 DEBUG 15976 --- [  XNIO-1 task-2] o.s.d.redis.core.RedisConnectionUtils    : Closing Redis Connection
2025-04-20 22:26:40.508  INFO 15976 --- [  XNIO-1 task-2] com.cg.config.PerformanceInterceptor     : Query SQL: SELECT  id,role_id,name,pid,type,path,icon,res_value,sort_index  FROM v_role      WHERE  (role_id = ? AND status = ? AND role_status = ?) жү§иЎҢиҖ—ж—¶: 0 ms
2025-04-20 22:26:40.556 DEBUG 15976 --- [  XNIO-1 task-2] o.s.d.redis.core.RedisConnectionUtils    : Fetching Redis Connection from RedisConnectionFactory
2025-04-20 22:26:40.595 DEBUG 15976 --- [  XNIO-1 task-2] o.s.d.redis.core.RedisConnectionUtils    : Closing Redis Connection
2025-04-20 22:26:40.595 DEBUG 15976 --- [  XNIO-1 task-2] o.s.d.redis.core.RedisConnectionUtils    : Fetching Redis Connection from RedisConnectionFactory
2025-04-20 22:26:40.784 DEBUG 15976 --- [  XNIO-1 task-2] o.s.d.redis.core.RedisConnectionUtils    : Closing Redis Connection
2025-04-20 22:26:40.785 DEBUG 15976 --- [  XNIO-1 task-2] o.s.d.redis.core.RedisConnectionUtils    : Fetching Redis Connection from RedisConnectionFactory
2025-04-20 22:26:40.823 DEBUG 15976 --- [  XNIO-1 task-2] o.s.d.redis.core.RedisConnectionUtils    : Closing Redis Connection
2025-04-20 22:26:40.825 DEBUG 15976 --- [  XNIO-1 task-2] o.s.d.redis.core.RedisConnectionUtils    : Fetching Redis Connection from RedisConnectionFactory
2025-04-20 22:26:40.864 DEBUG 15976 --- [  XNIO-1 task-2] o.s.d.redis.core.RedisConnectionUtils    : Closing Redis Connection
2025-04-20 22:26:40.864 DEBUG 15976 --- [  XNIO-1 task-2] o.s.d.redis.core.RedisConnectionUtils    : Fetching Redis Connection from RedisConnectionFactory
2025-04-20 22:26:40.906 DEBUG 15976 --- [  XNIO-1 task-2] o.s.d.redis.core.RedisConnectionUtils    : Closing Redis Connection
2025-04-20 22:26:40.911 DEBUG 15976 --- [  XNIO-1 task-2] o.s.d.redis.core.RedisConnectionUtils    : Fetching Redis Connection from RedisConnectionFactory
2025-04-20 22:26:40.948 DEBUG 15976 --- [  XNIO-1 task-2] o.s.d.redis.core.RedisConnectionUtils    : Closing Redis Connection
2025-04-20 22:26:40.948 DEBUG 15976 --- [  XNIO-1 task-2] o.s.d.redis.core.RedisConnectionUtils    : Fetching Redis Connection from RedisConnectionFactory
2025-04-20 22:26:41.003 DEBUG 15976 --- [  XNIO-1 task-2] o.s.d.redis.core.RedisConnectionUtils    : Closing Redis Connection
2025-04-20 22:26:41.003 DEBUG 15976 --- [  XNIO-1 task-2] o.s.d.redis.core.RedisConnectionUtils    : Fetching Redis Connection from RedisConnectionFactory
2025-04-20 22:26:41.044 DEBUG 15976 --- [  XNIO-1 task-2] o.s.d.redis.core.RedisConnectionUtils    : Closing Redis Connection
2025-04-20 22:26:41.046 DEBUG 15976 --- [  XNIO-1 task-2] o.s.d.redis.core.RedisConnectionUtils    : Fetching Redis Connection from RedisConnectionFactory
2025-04-20 22:26:41.083 DEBUG 15976 --- [  XNIO-1 task-2] o.s.d.redis.core.RedisConnectionUtils    : Closing Redis Connection
2025-04-20 22:26:41.084 DEBUG 15976 --- [  XNIO-1 task-2] o.s.d.redis.core.RedisConnectionUtils    : Fetching Redis Connection from RedisConnectionFactory
2025-04-20 22:26:41.122 DEBUG 15976 --- [  XNIO-1 task-2] o.s.d.redis.core.RedisConnectionUtils    : Closing Redis Connection
2025-04-20 22:26:41.122 DEBUG 15976 --- [  XNIO-1 task-2] o.s.d.redis.core.RedisConnectionUtils    : Fetching Redis Connection from RedisConnectionFactory
2025-04-20 22:26:41.273 DEBUG 15976 --- [  XNIO-1 task-2] o.s.d.redis.core.RedisConnectionUtils    : Closing Redis Connection
2025-04-20 22:26:41.277 DEBUG 15976 --- [  XNIO-1 task-2] o.s.d.redis.core.RedisConnectionUtils    : Fetching Redis Connection from RedisConnectionFactory
2025-04-20 22:26:41.314 DEBUG 15976 --- [  XNIO-1 task-2] o.s.d.redis.core.RedisConnectionUtils    : Closing Redis Connection
2025-04-20 22:26:41.314 DEBUG 15976 --- [  XNIO-1 task-2] o.s.d.redis.core.RedisConnectionUtils    : Fetching Redis Connection from RedisConnectionFactory
2025-04-20 22:26:41.351 DEBUG 15976 --- [  XNIO-1 task-2] o.s.d.redis.core.RedisConnectionUtils    : Closing Redis Connection
2025-04-20 22:26:41.351 DEBUG 15976 --- [  XNIO-1 task-2] o.s.d.redis.core.RedisConnectionUtils    : Fetching Redis Connection from RedisConnectionFactory
2025-04-20 22:26:41.387 DEBUG 15976 --- [  XNIO-1 task-2] o.s.d.redis.core.RedisConnectionUtils    : Closing Redis Connection
2025-04-20 22:26:41.387 DEBUG 15976 --- [  XNIO-1 task-2] o.s.d.redis.core.RedisConnectionUtils    : Fetching Redis Connection from RedisConnectionFactory
2025-04-20 22:26:41.422 DEBUG 15976 --- [  XNIO-1 task-2] o.s.d.redis.core.RedisConnectionUtils    : Closing Redis Connection
2025-04-20 22:26:41.422 DEBUG 15976 --- [  XNIO-1 task-2] o.s.d.redis.core.RedisConnectionUtils    : Fetching Redis Connection from RedisConnectionFactory
2025-04-20 22:26:41.459 DEBUG 15976 --- [  XNIO-1 task-2] o.s.d.redis.core.RedisConnectionUtils    : Closing Redis Connection
2025-04-20 22:26:41.459 DEBUG 15976 --- [  XNIO-1 task-2] o.s.d.redis.core.RedisConnectionUtils    : Fetching Redis Connection from RedisConnectionFactory
2025-04-20 22:26:41.499 DEBUG 15976 --- [  XNIO-1 task-2] o.s.d.redis.core.RedisConnectionUtils    : Closing Redis Connection
2025-04-20 22:26:41.499 DEBUG 15976 --- [  XNIO-1 task-2] o.s.d.redis.core.RedisConnectionUtils    : Fetching Redis Connection from RedisConnectionFactory
2025-04-20 22:26:41.535 DEBUG 15976 --- [  XNIO-1 task-2] o.s.d.redis.core.RedisConnectionUtils    : Closing Redis Connection
2025-04-20 22:26:41.535 DEBUG 15976 --- [  XNIO-1 task-2] o.s.d.redis.core.RedisConnectionUtils    : Fetching Redis Connection from RedisConnectionFactory
2025-04-20 22:26:41.574 DEBUG 15976 --- [  XNIO-1 task-2] o.s.d.redis.core.RedisConnectionUtils    : Closing Redis Connection
2025-04-20 22:26:41.575 DEBUG 15976 --- [  XNIO-1 task-2] o.s.d.redis.core.RedisConnectionUtils    : Fetching Redis Connection from RedisConnectionFactory
2025-04-20 22:26:41.610 DEBUG 15976 --- [  XNIO-1 task-2] o.s.d.redis.core.RedisConnectionUtils    : Closing Redis Connection
2025-04-20 22:26:41.616  INFO 15976 --- [  XNIO-1 task-2] com.cg.config.WebLogAspect               : RESPONSE(е“Қеә”еҶ…е®№): {"code": 200, "msg": "ok", "data": RUser(id=1, account=urabe, password=$2a$10$3u7hfwm/dL/YbXlhaPPak.iY3zmCpsrqqkxFwSPY8xyQupbl29bLK, name=lawliet, mobile=13370177617, avatarUrl=https://www.masdaju.ddns-ip.net:55952/preview/eb54243c-4cf8-405c-a1be-2f1f16d66757.jpg, email=ktsrkwtmk@outlook.com, amount=1011.03, roleId=1, roleName=з®ЎзҗҶе‘ҳ, roleValue=admin, createTime=Sat Dec 28 20:28:12 CST 2024, status=1, resource=[sysManage, resourceManage, roleManage, userManage, addUser, delUser, editUser, queryUser, addRole, delRole, editRole, addRes, delRes, editRes, BusinessManage, feedback, report, requestManage, scheduleManage, carManage, wasteManage, FrontManage, chat, addRequest, userInfo, SysMessage, homepage, myRequest, Console, statistic], saTokenInfo=SaTokenInfo [tokenName=satoken, tokenValue=Gl_62CLGu0jo1fyRX_RcaSmm3yh4oH9l0u__, isLogin=true, loginId=1, loginType=login, tokenTimeout=2592000, sessionTimeout=2592000, tokenSessionTimeout=-2, tokenActiveTimeout=-1, loginDevice="Windows", tag=null])}
2025-04-20 22:26:41.616  INFO 15976 --- [  XNIO-1 task-2] com.cg.config.WebLogAspect               : SPEND TIME(е“Қеә”ж—¶й—ҙ): 3121ms
2025-04-20 22:26:42.955 DEBUG 15976 --- [  XNIO-1 task-5] o.s.d.redis.core.RedisConnectionUtils    : Fetching Redis Connection from RedisConnectionFactory
2025-04-20 22:26:42.955 DEBUG 15976 --- [  XNIO-1 task-2] o.s.d.redis.core.RedisConnectionUtils    : Fetching Redis Connection from RedisConnectionFactory
2025-04-20 22:26:42.955 DEBUG 15976 --- [  XNIO-1 task-3] o.s.d.redis.core.RedisConnectionUtils    : Fetching Redis Connection from RedisConnectionFactory
2025-04-20 22:26:42.955 DEBUG 15976 --- [  XNIO-1 task-4] o.s.d.redis.core.RedisConnectionUtils    : Fetching Redis Connection from RedisConnectionFactory
2025-04-20 22:26:42.991 DEBUG 15976 --- [  XNIO-1 task-3] o.s.d.redis.core.RedisConnectionUtils    : Closing Redis Connection
2025-04-20 22:26:42.991 DEBUG 15976 --- [  XNIO-1 task-5] o.s.d.redis.core.RedisConnectionUtils    : Closing Redis Connection
2025-04-20 22:26:42.991 DEBUG 15976 --- [  XNIO-1 task-2] o.s.d.redis.core.RedisConnectionUtils    : Closing Redis Connection
2025-04-20 22:26:42.991  INFO 15976 --- [  XNIO-1 task-2] com.cg.config.WebLogAspect               : URL(иҜ·жұӮи·Ҝеҫ„): http://localhost:8080/statistic/getMessByType
2025-04-20 22:26:42.991  INFO 15976 --- [  XNIO-1 task-5] com.cg.config.WebLogAspect               : URL(иҜ·жұӮи·Ҝеҫ„): http://localhost:8080/statistic/total
2025-04-20 22:26:42.991  INFO 15976 --- [  XNIO-1 task-2] com.cg.config.WebLogAspect               : HTTP_METHOD(иҜ·жұӮ): GET
2025-04-20 22:26:42.992  INFO 15976 --- [  XNIO-1 task-5] com.cg.config.WebLogAspect               : HTTP_METHOD(иҜ·жұӮ): GET
2025-04-20 22:26:42.992  INFO 15976 --- [  XNIO-1 task-2] com.cg.config.WebLogAspect               : IP(иҜ·жұӮIP): 0:0:0:0:0:0:0:1
2025-04-20 22:26:42.992  INFO 15976 --- [  XNIO-1 task-5] com.cg.config.WebLogAspect               : IP(иҜ·жұӮIP): 0:0:0:0:0:0:0:1
2025-04-20 22:26:42.992  INFO 15976 --- [  XNIO-1 task-2] com.cg.config.WebLogAspect               : CLASS_METHOD(зұ»ж–№жі•): com.cg.controller.StatisticController.getTotalByMonthAndType
2025-04-20 22:26:42.992  INFO 15976 --- [  XNIO-1 task-5] com.cg.config.WebLogAspect               : CLASS_METHOD(зұ»ж–№жі•): com.cg.controller.StatisticController.getALLTotal
2025-04-20 22:26:42.992  INFO 15976 --- [  XNIO-1 task-2] com.cg.config.WebLogAspect               : Args(иҜ·жұӮеҸӮж•°): []
2025-04-20 22:26:42.992  INFO 15976 --- [  XNIO-1 task-5] com.cg.config.WebLogAspect               : Args(иҜ·жұӮеҸӮж•°): []
2025-04-20 22:26:42.992  INFO 15976 --- [  XNIO-1 task-2] com.cg.config.PerformanceInterceptor     : Query SQL: SELECT cid, `name` , SUM(quantity) AS quantity
    FROM v_waste
    GROUP BY cid; жү§иЎҢиҖ—ж—¶: 0 ms
2025-04-20 22:26:42.992  INFO 15976 --- [  XNIO-1 task-5] com.cg.config.PerformanceInterceptor     : Query SQL: SELECT `name`, COUNT(*) AS count_num
        FROM v_waste
        GROUP BY cid; жү§иЎҢиҖ—ж—¶: 0 ms
2025-04-20 22:26:42.993  INFO 15976 --- [  XNIO-1 task-3] com.cg.config.WebLogAspect               : URL(иҜ·жұӮи·Ҝеҫ„): http://localhost:8080/statistic/totalByMonth
2025-04-20 22:26:42.993  INFO 15976 --- [  XNIO-1 task-3] com.cg.config.WebLogAspect               : HTTP_METHOD(иҜ·жұӮ): GET
2025-04-20 22:26:42.993  INFO 15976 --- [  XNIO-1 task-3] com.cg.config.WebLogAspect               : IP(иҜ·жұӮIP): 0:0:0:0:0:0:0:1
2025-04-20 22:26:42.993  INFO 15976 --- [  XNIO-1 task-3] com.cg.config.WebLogAspect               : CLASS_METHOD(зұ»ж–№жі•): com.cg.controller.StatisticController.getTotalByMonth
2025-04-20 22:26:42.993  INFO 15976 --- [  XNIO-1 task-3] com.cg.config.WebLogAspect               : Args(иҜ·жұӮеҸӮж•°): [2025]
2025-04-20 22:26:42.994  INFO 15976 --- [  XNIO-1 task-3] com.cg.config.PerformanceInterceptor     : Query SQL: SELECT
            MONTH(report_date) AS month,
            COUNT(*) AS count_num
        FROM
            v_waste
        where YEAR(report_date)=?
        GROUP BY
            MONTH(report_date); жү§иЎҢиҖ—ж—¶: 0 ms
2025-04-20 22:26:43.027 DEBUG 15976 --- [  XNIO-1 task-4] o.s.d.redis.core.RedisConnectionUtils    : Closing Redis Connection
2025-04-20 22:26:43.028  INFO 15976 --- [  XNIO-1 task-4] com.cg.config.WebLogAspect               : URL(иҜ·жұӮи·Ҝеҫ„): http://localhost:8080/statistic/totalByType
2025-04-20 22:26:43.028  INFO 15976 --- [  XNIO-1 task-4] com.cg.config.WebLogAspect               : HTTP_METHOD(иҜ·жұӮ): GET
2025-04-20 22:26:43.028  INFO 15976 --- [  XNIO-1 task-4] com.cg.config.WebLogAspect               : IP(иҜ·жұӮIP): 0:0:0:0:0:0:0:1
2025-04-20 22:26:43.028  INFO 15976 --- [  XNIO-1 task-4] com.cg.config.WebLogAspect               : CLASS_METHOD(зұ»ж–№жі•): com.cg.controller.StatisticController.getTotal
2025-04-20 22:26:43.028  INFO 15976 --- [  XNIO-1 task-4] com.cg.config.WebLogAspect               : Args(иҜ·жұӮеҸӮж•°): []
2025-04-20 22:26:43.028  INFO 15976 --- [  XNIO-1 task-4] com.cg.config.PerformanceInterceptor     : Query SQL: SELECT `name`, COUNT(*) AS count_num
        FROM v_waste
        WHERE   status=2
        GROUP BY cid; жү§иЎҢиҖ—ж—¶: 0 ms
2025-04-20 22:26:43.141  INFO 15976 --- [  XNIO-1 task-3] com.cg.config.WebLogAspect               : RESPONSE(е“Қеә”еҶ…е®№): {"code": 200, "msg": "ok", "data": [WasteClassify(cid=null, name=null, month=2, countNum=14, quantity=null), WasteClassify(cid=null, name=null, month=1, countNum=4, quantity=null), WasteClassify(cid=null, name=null, month=3, countNum=2, quantity=null)]}
2025-04-20 22:26:43.141  INFO 15976 --- [  XNIO-1 task-2] com.cg.config.WebLogAspect               : RESPONSE(е“Қеә”еҶ…е®№): {"code": 200, "msg": "ok", "data": [WasteClassify(cid=1, name=зәёеҲ¶е“Ғ, month=null, countNum=null, quantity=30.21), WasteClassify(cid=2, name=з”өж°”дә§е“Ғ, month=null, countNum=null, quantity=30.10), WasteClassify(cid=3, name=еёғж–ҷеҲ¶е“Ғ, month=null, countNum=null, quantity=9.00), WasteClassify(cid=5, name=еәҹејғй“Ғ, month=null, countNum=null, quantity=2.00), WasteClassify(cid=6, name=еәҹејғеЎ‘ж–ҷ, month=null, countNum=null, quantity=3.00)]}
2025-04-20 22:26:43.141  INFO 15976 --- [  XNIO-1 task-5] com.cg.config.WebLogAspect               : RESPONSE(е“Қеә”еҶ…е®№): {"code": 200, "msg": "ok", "data": [WasteClassify(cid=null, name=зәёеҲ¶е“Ғ, month=null, countNum=9, quantity=null), WasteClassify(cid=null, name=з”өж°”дә§е“Ғ, month=null, countNum=8, quantity=null), WasteClassify(cid=null, name=еёғж–ҷеҲ¶е“Ғ, month=null, countNum=3, quantity=null), WasteClassify(cid=null, name=еәҹејғй“Ғ, month=null, countNum=3, quantity=null), WasteClassify(cid=null, name=еәҹејғеЎ‘ж–ҷ, month=null, countNum=2, quantity=null)]}
2025-04-20 22:26:43.141  INFO 15976 --- [  XNIO-1 task-3] com.cg.config.WebLogAspect               : SPEND TIME(е“Қеә”ж—¶й—ҙ): 148ms
2025-04-20 22:26:43.141  INFO 15976 --- [  XNIO-1 task-2] com.cg.config.WebLogAspect               : SPEND TIME(е“Қеә”ж—¶й—ҙ): 150ms
2025-04-20 22:26:43.141  INFO 15976 --- [  XNIO-1 task-5] com.cg.config.WebLogAspect               : SPEND TIME(е“Қеә”ж—¶й—ҙ): 150ms
2025-04-20 22:26:43.224  INFO 15976 --- [  XNIO-1 task-4] com.cg.config.WebLogAspect               : RESPONSE(е“Қеә”еҶ…е®№): {"code": 200, "msg": "ok", "data": [WasteClassify(cid=null, name=зәёеҲ¶е“Ғ, month=null, countNum=8, quantity=null), WasteClassify(cid=null, name=з”өж°”дә§е“Ғ, month=null, countNum=7, quantity=null), WasteClassify(cid=null, name=еёғж–ҷеҲ¶е“Ғ, month=null, countNum=3, quantity=null), WasteClassify(cid=null, name=еәҹејғй“Ғ, month=null, countNum=2, quantity=null), WasteClassify(cid=null, name=еәҹејғеЎ‘ж–ҷ, month=null, countNum=2, quantity=null)]}
2025-04-20 22:26:43.224  INFO 15976 --- [  XNIO-1 task-4] com.cg.config.WebLogAspect               : SPEND TIME(е“Қеә”ж—¶й—ҙ): 196ms
2025-04-20 22:27:48.330 DEBUG 15976 --- [  XNIO-1 task-4] o.s.d.redis.core.RedisConnectionUtils    : Fetching Redis Connection from RedisConnectionFactory
2025-04-20 22:27:48.374 DEBUG 15976 --- [  XNIO-1 task-4] o.s.d.redis.core.RedisConnectionUtils    : Closing Redis Connection
2025-04-20 22:27:48.375  INFO 15976 --- [  XNIO-1 task-4] com.cg.config.WebLogAspect               : URL(иҜ·жұӮи·Ҝеҫ„): http://localhost:8080/sys-resources/tree
2025-04-20 22:27:48.375  INFO 15976 --- [  XNIO-1 task-4] com.cg.config.WebLogAspect               : HTTP_METHOD(иҜ·жұӮ): GET
2025-04-20 22:27:48.375  INFO 15976 --- [  XNIO-1 task-4] com.cg.config.WebLogAspect               : IP(иҜ·жұӮIP): 0:0:0:0:0:0:0:1
2025-04-20 22:27:48.375  INFO 15976 --- [  XNIO-1 task-4] com.cg.config.WebLogAspect               : CLASS_METHOD(зұ»ж–№жі•): com.cg.controller.ResourcesController.tree
2025-04-20 22:27:48.375  INFO 15976 --- [  XNIO-1 task-4] com.cg.config.WebLogAspect               : Args(иҜ·жұӮеҸӮж•°): [1, 3, ]
2025-04-20 22:27:48.509  INFO 15976 --- [  XNIO-1 task-4] com.cg.config.PerformanceInterceptor     : Query SQL: SELECT  id,create_time,update_time,status,name,pid,type,path,icon,res_value,sort_index  FROM sys_resources      WHERE  (pid = ? AND name LIKE ?) LIMIT ? жү§иЎҢиҖ—ж—¶: 0 ms
2025-04-20 22:27:48.562  INFO 15976 --- [  XNIO-1 task-4] com.cg.config.PerformanceInterceptor     : Query SQL: SELECT  id,create_time,update_time,status,name,pid,type,path,icon,res_value,sort_index  FROM sys_resources жү§иЎҢиҖ—ж—¶: 0 ms
2025-04-20 22:27:48.639  INFO 15976 --- [  XNIO-1 task-4] com.cg.config.WebLogAspect               : RESPONSE(е“Қеә”еҶ…е®№): {"code": 200, "msg": "ok", "data": com.baomidou.mybatisplus.extension.plugins.pagination.Page@538af62e}
2025-04-20 22:27:48.640  INFO 15976 --- [  XNIO-1 task-4] com.cg.config.WebLogAspect               : SPEND TIME(е“Қеә”ж—¶й—ҙ): 265ms
2025-04-20 22:27:49.330 DEBUG 15976 --- [  XNIO-1 task-2] o.s.d.redis.core.RedisConnectionUtils    : Fetching Redis Connection from RedisConnectionFactory
2025-04-20 22:27:49.330 DEBUG 15976 --- [  XNIO-1 task-4] o.s.d.redis.core.RedisConnectionUtils    : Fetching Redis Connection from RedisConnectionFactory
2025-04-20 22:27:49.375 DEBUG 15976 --- [  XNIO-1 task-2] o.s.d.redis.core.RedisConnectionUtils    : Closing Redis Connection
2025-04-20 22:27:49.378  INFO 15976 --- [  XNIO-1 task-2] com.cg.config.WebLogAspect               : URL(иҜ·жұӮи·Ҝеҫ„): http://localhost:8080/sys-role
2025-04-20 22:27:49.378  INFO 15976 --- [  XNIO-1 task-2] com.cg.config.WebLogAspect               : HTTP_METHOD(иҜ·жұӮ): GET
2025-04-20 22:27:49.378  INFO 15976 --- [  XNIO-1 task-2] com.cg.config.WebLogAspect               : IP(иҜ·жұӮIP): 0:0:0:0:0:0:0:1
2025-04-20 22:27:49.378  INFO 15976 --- [  XNIO-1 task-2] com.cg.config.WebLogAspect               : CLASS_METHOD(зұ»ж–№жі•): com.cg.controller.RoleController.list
2025-04-20 22:27:49.378  INFO 15976 --- [  XNIO-1 task-2] com.cg.config.WebLogAspect               : Args(иҜ·жұӮеҸӮж•°): [1, 3, ]
2025-04-20 22:27:49.443 DEBUG 15976 --- [  XNIO-1 task-4] o.s.d.redis.core.RedisConnectionUtils    : Closing Redis Connection
2025-04-20 22:27:49.444  INFO 15976 --- [  XNIO-1 task-4] com.cg.config.WebLogAspect               : URL(иҜ·жұӮи·Ҝеҫ„): http://localhost:8080/sys-resources/fullTree
2025-04-20 22:27:49.444  INFO 15976 --- [  XNIO-1 task-4] com.cg.config.WebLogAspect               : HTTP_METHOD(иҜ·жұӮ): GET
2025-04-20 22:27:49.444  INFO 15976 --- [  XNIO-1 task-4] com.cg.config.WebLogAspect               : IP(иҜ·жұӮIP): 0:0:0:0:0:0:0:1
2025-04-20 22:27:49.444  INFO 15976 --- [  XNIO-1 task-4] com.cg.config.WebLogAspect               : CLASS_METHOD(зұ»ж–№жі•): com.cg.controller.ResourcesController.tree
2025-04-20 22:27:49.444  INFO 15976 --- [  XNIO-1 task-4] com.cg.config.WebLogAspect               : Args(иҜ·жұӮеҸӮж•°): []
2025-04-20 22:27:49.444  INFO 15976 --- [  XNIO-1 task-4] com.cg.config.PerformanceInterceptor     : Query SQL: SELECT  id,create_time,update_time,status,name,pid,type,path,icon,res_value,sort_index  FROM sys_resources жү§иЎҢиҖ—ж—¶: 0 ms
2025-04-20 22:27:49.555  INFO 15976 --- [  XNIO-1 task-2] com.cg.config.PerformanceInterceptor     : Query SQL: SELECT  id,create_time,update_time,status,name,role_value  FROM sys_role      WHERE  (name LIKE ?) LIMIT ? жү§иЎҢиҖ—ж—¶: 0 ms
2025-04-20 22:27:49.593  INFO 15976 --- [  XNIO-1 task-4] com.cg.config.WebLogAspect               : RESPONSE(е“Қеә”еҶ…е®№): {"code": 200, "msg": "ok", "data": [Resources [Hash = 560503361, id=1, createTime=Tue Feb 04 07:28:26 CST 2025, updateTime=Wed Feb 26 05:22:20 CST 2025, status=1, name=зі»з»ҹз®ЎзҗҶ, pid=0, type=зі»з»ҹжЁЎеқ—, path=null, icon=null, resValue=sysManage, sortIndex=null, serialVersionUID=1], Resources [Hash = 985367222, id=15, createTime=Tue Feb 04 07:50:36 CST 2025, updateTime=Tue Feb 04 07:50:36 CST 2025, status=1, name=дёҡеҠЎз®ЎзҗҶ, pid=0, type=дёҡеҠЎз®ЎзҗҶжЁЎеқ—, path=, icon=null, resValue=BusinessManage, sortIndex=null, serialVersionUID=1], Resources [Hash = 520511853, id=23, createTime=Tue Feb 04 08:00:48 CST 2025, updateTime=Tue Feb 04 08:00:48 CST 2025, status=1, name=еүҚеҸ°з®ЎзҗҶ, pid=0, type=еүҚеҸ°з®ЎзҗҶжЁЎеқ—, path=, icon=null, resValue=FrontManage, sortIndex=null, serialVersionUID=1]]}
2025-04-20 22:27:49.593  INFO 15976 --- [  XNIO-1 task-4] com.cg.config.WebLogAspect               : SPEND TIME(е“Қеә”ж—¶й—ҙ): 149ms
2025-04-20 22:27:49.687  INFO 15976 --- [  XNIO-1 task-2] com.cg.config.PerformanceInterceptor     : Query SQL: SELECT  id,role_id,resources_id  FROM sys_role_resources жү§иЎҢиҖ—ж—¶: 0 ms
2025-04-20 22:27:49.742  INFO 15976 --- [  XNIO-1 task-2] com.cg.config.WebLogAspect               : RESPONSE(е“Қеә”еҶ…е®№): {"code": 200, "msg": "ok", "data": com.baomidou.mybatisplus.extension.plugins.pagination.Page@191c3672}
2025-04-20 22:27:49.742  INFO 15976 --- [  XNIO-1 task-2] com.cg.config.WebLogAspect               : SPEND TIME(е“Қеә”ж—¶й—ҙ): 364ms
2025-04-20 22:35:47.199  INFO 15976 --- [SpringApplicationShutdownHook] io.undertow                              : stopping server: Undertow - 2.3.17.Final
2025-04-20 22:35:47.201  INFO 15976 --- [SpringApplicationShutdownHook] io.undertow.servlet                      : Destroying Spring FrameworkServlet 'dispatcherServlet'
2025-04-20 22:35:47.213 DEBUG 15976 --- [SpringApplicationShutdownHook] o.s.d.r.l.RedisMessageListenerContainer  : Stopped RedisMessageListenerContainer
2025-04-20 22:35:47.218  INFO 15976 --- [SpringApplicationShutdownHook] com.zaxxer.hikari.HikariDataSource       : HikariPool-1 - Shutdown initiated...
2025-04-20 22:35:47.224  INFO 15976 --- [SpringApplicationShutdownHook] com.zaxxer.hikari.HikariDataSource       : HikariPool-1 - Shutdown completed.
